{"/home/travis/build/npmtest/node-npmtest-backoff/test.js":{"path":"/home/travis/build/npmtest/node-npmtest-backoff/test.js","s":{"1":2,"2":2,"3":2,"4":2,"5":2,"6":2,"7":2,"8":1,"9":2,"10":2,"11":1,"12":1,"13":1,"14":1,"15":2,"16":2,"17":2,"18":2,"19":1,"20":1,"21":2,"22":2,"23":2,"24":1,"25":1,"26":1,"27":1,"28":1,"29":1,"30":1,"31":1,"32":1,"33":1,"34":1,"35":1,"36":1,"37":1,"38":1,"39":2,"40":2,"41":1,"42":2,"43":2,"44":1,"45":2,"46":2,"47":1,"48":2,"49":2,"50":1,"51":1,"52":1,"53":1,"54":1},"b":{"1":[2,1,1,1],"2":[1,1,1,1],"3":[1,1],"4":[1,1],"5":[1,1],"6":[1,1],"7":[1,1],"8":[1,1],"9":[1,1],"10":[1,1,1],"11":[1,1],"12":[1,1],"13":[1,1],"14":[1,1],"15":[1,1],"16":[1,1],"17":[1,1]},"f":{"1":2,"2":2,"3":2,"4":2,"5":2,"6":1,"7":1,"8":1,"9":2,"10":2,"11":2,"12":2,"13":1},"fnMap":{"1":{"name":"(anonymous_1)","line":12,"loc":{"start":{"line":12,"column":1},"end":{"line":12,"column":13}}},"2":{"name":"(anonymous_2)","line":19,"loc":{"start":{"line":19,"column":5},"end":{"line":19,"column":17}}},"3":{"name":"(anonymous_3)","line":23,"loc":{"start":{"line":23,"column":24},"end":{"line":23,"column":36}}},"4":{"name":"(anonymous_4)","line":61,"loc":{"start":{"line":61,"column":5},"end":{"line":61,"column":17}}},"5":{"name":"(anonymous_5)","line":82,"loc":{"start":{"line":82,"column":5},"end":{"line":82,"column":17}}},"6":{"name":"(anonymous_6)","line":91,"loc":{"start":{"line":91,"column":77},"end":{"line":94,"column":10}}},"7":{"name":"(anonymous_7)","line":112,"loc":{"start":{"line":112,"column":83},"end":{"line":115,"column":10}},"skip":true},"8":{"name":"(anonymous_8)","line":123,"loc":{"start":{"line":123,"column":77},"end":{"line":126,"column":10}},"skip":true},"9":{"name":"(anonymous_9)","line":139,"loc":{"start":{"line":139,"column":12},"end":{"line":139,"column":40}},"skip":true},"10":{"name":"(anonymous_10)","line":147,"loc":{"start":{"line":147,"column":77},"end":{"line":150,"column":10}},"skip":true},"11":{"name":"(anonymous_11)","line":158,"loc":{"start":{"line":158,"column":83},"end":{"line":161,"column":10}},"skip":true},"12":{"name":"(anonymous_12)","line":169,"loc":{"start":{"line":169,"column":79},"end":{"line":172,"column":10}},"skip":true},"13":{"name":"(anonymous_13)","line":180,"loc":{"start":{"line":180,"column":75},"end":{"line":183,"column":10}},"skip":true}},"statementMap":{"1":{"start":{"line":12,"column":0},"end":{"line":195,"column":5}},"2":{"start":{"line":14,"column":4},"end":{"line":14,"column":14}},"3":{"start":{"line":19,"column":4},"end":{"line":56,"column":9}},"4":{"start":{"line":21,"column":8},"end":{"line":21,"column":19}},"5":{"start":{"line":23,"column":8},"end":{"line":35,"column":13}},"6":{"start":{"line":24,"column":12},"end":{"line":34,"column":13}},"7":{"start":{"line":25,"column":16},"end":{"line":28,"column":30}},"8":{"start":{"line":30,"column":16},"end":{"line":33,"column":27}},"9":{"start":{"line":37,"column":8},"end":{"line":39,"column":21}},"10":{"start":{"line":40,"column":8},"end":{"line":53,"column":9}},"11":{"start":{"line":43,"column":12},"end":{"line":46,"column":14}},"12":{"start":{"line":47,"column":12},"end":{"line":47,"column":18}},"13":{"start":{"line":50,"column":12},"end":{"line":51,"column":33}},"14":{"start":{"line":52,"column":12},"end":{"line":52,"column":18}},"15":{"start":{"line":55,"column":8},"end":{"line":55,"column":35}},"16":{"start":{"line":61,"column":4},"end":{"line":63,"column":9}},"17":{"start":{"line":62,"column":8},"end":{"line":62,"column":15}},"18":{"start":{"line":64,"column":4},"end":{"line":77,"column":5}},"19":{"start":{"line":70,"column":8},"end":{"line":70,"column":14}},"20":{"start":{"line":76,"column":8},"end":{"line":76,"column":14}},"21":{"start":{"line":82,"column":4},"end":{"line":84,"column":9}},"22":{"start":{"line":83,"column":8},"end":{"line":83,"column":15}},"23":{"start":{"line":85,"column":4},"end":{"line":194,"column":5}},"24":{"start":{"line":91,"column":8},"end":{"line":99,"column":10}},"25":{"start":{"line":98,"column":12},"end":{"line":98,"column":35}},"26":{"start":{"line":102,"column":8},"end":{"line":104,"column":63}},"27":{"start":{"line":105,"column":8},"end":{"line":105,"column":14}},"28":{"start":{"line":112,"column":8},"end":{"line":121,"column":10},"skip":true},"29":{"start":{"line":119,"column":12},"end":{"line":119,"column":55},"skip":true},"30":{"start":{"line":120,"column":12},"end":{"line":120,"column":48},"skip":true},"31":{"start":{"line":123,"column":8},"end":{"line":136,"column":10},"skip":true},"32":{"start":{"line":130,"column":12},"end":{"line":130,"column":76},"skip":true},"33":{"start":{"line":131,"column":12},"end":{"line":131,"column":73},"skip":true},"34":{"start":{"line":132,"column":12},"end":{"line":132,"column":74},"skip":true},"35":{"start":{"line":133,"column":12},"end":{"line":133,"column":79},"skip":true},"36":{"start":{"line":134,"column":12},"end":{"line":134,"column":25},"skip":true},"37":{"start":{"line":135,"column":12},"end":{"line":135,"column":45},"skip":true},"38":{"start":{"line":138,"column":8},"end":{"line":145,"column":14},"skip":true},"39":{"start":{"line":143,"column":16},"end":{"line":143,"column":29},"skip":true},"40":{"start":{"line":144,"column":16},"end":{"line":144,"column":55},"skip":true},"41":{"start":{"line":147,"column":8},"end":{"line":156,"column":10},"skip":true},"42":{"start":{"line":154,"column":12},"end":{"line":154,"column":25},"skip":true},"43":{"start":{"line":155,"column":12},"end":{"line":155,"column":45},"skip":true},"44":{"start":{"line":158,"column":8},"end":{"line":167,"column":10},"skip":true},"45":{"start":{"line":165,"column":12},"end":{"line":165,"column":25},"skip":true},"46":{"start":{"line":166,"column":12},"end":{"line":166,"column":48},"skip":true},"47":{"start":{"line":169,"column":8},"end":{"line":178,"column":10},"skip":true},"48":{"start":{"line":176,"column":12},"end":{"line":176,"column":25},"skip":true},"49":{"start":{"line":177,"column":12},"end":{"line":177,"column":46},"skip":true},"50":{"start":{"line":180,"column":8},"end":{"line":189,"column":10},"skip":true},"51":{"start":{"line":187,"column":12},"end":{"line":187,"column":94},"skip":true},"52":{"start":{"line":188,"column":12},"end":{"line":188,"column":48},"skip":true},"53":{"start":{"line":192,"column":8},"end":{"line":192,"column":35},"skip":true},"54":{"start":{"line":193,"column":8},"end":{"line":193,"column":14},"skip":true}},"branchMap":{"1":{"line":25,"type":"binary-expr","locations":[{"start":{"line":25,"column":23},"end":{"line":25,"column":62}},{"start":{"line":26,"column":20},"end":{"line":26,"column":70}},{"start":{"line":27,"column":20},"end":{"line":27,"column":71}},{"start":{"line":28,"column":20},"end":{"line":28,"column":29}}]},"2":{"line":30,"type":"binary-expr","locations":[{"start":{"line":30,"column":23},"end":{"line":30,"column":37}},{"start":{"line":31,"column":20},"end":{"line":31,"column":61}},{"start":{"line":32,"column":20},"end":{"line":32,"column":70}},{"start":{"line":33,"column":20},"end":{"line":33,"column":26}}]},"3":{"line":37,"type":"cond-expr","locations":[{"start":{"line":38,"column":14},"end":{"line":38,"column":20}},{"start":{"line":39,"column":14},"end":{"line":39,"column":20}}]},"4":{"line":40,"type":"switch","locations":[{"start":{"line":42,"column":8},"end":{"line":47,"column":18}},{"start":{"line":49,"column":8},"end":{"line":52,"column":18}}]},"5":{"line":44,"type":"binary-expr","locations":[{"start":{"line":44,"column":16},"end":{"line":44,"column":44}},{"start":{"line":44,"column":48},"end":{"line":44,"column":66}}]},"6":{"line":50,"type":"binary-expr","locations":[{"start":{"line":50,"column":21},"end":{"line":50,"column":49}},{"start":{"line":50,"column":53},"end":{"line":50,"column":72}}]},"7":{"line":64,"type":"switch","locations":[{"start":{"line":69,"column":4},"end":{"line":70,"column":14}},{"start":{"line":75,"column":4},"end":{"line":76,"column":14}}]},"8":{"line":85,"type":"switch","locations":[{"start":{"line":90,"column":4},"end":{"line":105,"column":14}},{"start":{"line":111,"column":4},"end":{"line":193,"column":14},"skip":true}]},"9":{"line":91,"type":"binary-expr","locations":[{"start":{"line":91,"column":42},"end":{"line":91,"column":73}},{"start":{"line":91,"column":77},"end":{"line":99,"column":9}}]},"10":{"line":102,"type":"binary-expr","locations":[{"start":{"line":102,"column":18},"end":{"line":102,"column":32}},{"start":{"line":103,"column":12},"end":{"line":103,"column":53}},{"start":{"line":104,"column":12},"end":{"line":104,"column":61}}]},"11":{"line":112,"type":"binary-expr","locations":[{"start":{"line":112,"column":45},"end":{"line":112,"column":79},"skip":true},{"start":{"line":112,"column":83},"end":{"line":121,"column":9},"skip":true}]},"12":{"line":123,"type":"binary-expr","locations":[{"start":{"line":123,"column":42},"end":{"line":123,"column":73},"skip":true},{"start":{"line":123,"column":77},"end":{"line":136,"column":9},"skip":true}]},"13":{"line":138,"type":"binary-expr","locations":[{"start":{"line":138,"column":48},"end":{"line":138,"column":85},"skip":true},{"start":{"line":139,"column":12},"end":{"line":145,"column":13},"skip":true}]},"14":{"line":147,"type":"binary-expr","locations":[{"start":{"line":147,"column":42},"end":{"line":147,"column":73},"skip":true},{"start":{"line":147,"column":77},"end":{"line":156,"column":9},"skip":true}]},"15":{"line":158,"type":"binary-expr","locations":[{"start":{"line":158,"column":45},"end":{"line":158,"column":79},"skip":true},{"start":{"line":158,"column":83},"end":{"line":167,"column":9},"skip":true}]},"16":{"line":169,"type":"binary-expr","locations":[{"start":{"line":169,"column":43},"end":{"line":169,"column":75},"skip":true},{"start":{"line":169,"column":79},"end":{"line":178,"column":9},"skip":true}]},"17":{"line":180,"type":"binary-expr","locations":[{"start":{"line":180,"column":41},"end":{"line":180,"column":71},"skip":true},{"start":{"line":180,"column":75},"end":{"line":189,"column":9},"skip":true}]}},"code":["/* istanbul instrument in package npmtest_backoff */","/*jslint","    bitwise: true,","    browser: true,","    maxerr: 8,","    maxlen: 96,","    node: true,","    nomen: true,","    regexp: true,","    stupid: true","*/","(function () {","    'use strict';","    var local;","","","","    // run shared js-env code - pre-init","    (function () {","        // init local","        local = {};","        // init modeJs","        local.modeJs = (function () {","            try {","                return typeof navigator.userAgent === 'string' &&","                    typeof document.querySelector('body') === 'object' &&","                    typeof XMLHttpRequest.prototype.open === 'function' &&","                    'browser';","            } catch (errorCaughtBrowser) {","                return module.exports &&","                    typeof process.versions.node === 'string' &&","                    typeof require('http').createServer === 'function' &&","                    'node';","            }","        }());","        // init global","        local.global = local.modeJs === 'browser'","            ? window","            : global;","        switch (local.modeJs) {","        // re-init local from window.local","        case 'browser':","            local = local.global.utility2.objectSetDefault(","                local.global.utility2_rollup || local.global.local,","                local.global.utility2","            );","            break;","        // re-init local from example.js","        case 'node':","            local = (local.global.utility2_rollup || require('utility2'))","                .requireReadme();","            break;","        }","        // export local","        local.global.local = local;","    }());","","","","    // run shared js-env code - function","    (function () {","        return;","    }());","    switch (local.modeJs) {","","","","    // run browser js-env code - function","    case 'browser':","        break;","","","","    // run node js-env code - function","    case 'node':","        break;","    }","","","","    // run shared js-env code - post-init","    (function () {","        return;","    }());","    switch (local.modeJs) {","","","","    // run browser js-env code - post-init","    case 'browser':","        local.testCase_browser_nullCase = local.testCase_browser_nullCase || function (","            options,","            onError","        ) {","        /*","         * this function will test browsers's null-case handling-behavior-behavior","         */","            onError(null, options);","        };","","        // run tests","        local.nop(local.modeTest &&","            document.querySelector('#testRunButton1') &&","            document.querySelector('#testRunButton1').click());","        break;","","","","    // run node js-env code - post-init","    /* istanbul ignore next */","    case 'node':","        local.testCase_buildApidoc_default = local.testCase_buildApidoc_default || function (","            options,","            onError","        ) {","        /*","         * this function will test buildApidoc's default handling-behavior-behavior","         */","            options = { modulePathList: module.paths };","            local.buildApidoc(options, onError);","        };","","        local.testCase_buildApp_default = local.testCase_buildApp_default || function (","            options,","            onError","        ) {","        /*","         * this function will test buildApp's default handling-behavior-behavior","         */","            local.testCase_buildReadme_default(options, local.onErrorThrow);","            local.testCase_buildLib_default(options, local.onErrorThrow);","            local.testCase_buildTest_default(options, local.onErrorThrow);","            local.testCase_buildCustomOrg_default(options, local.onErrorThrow);","            options = [];","            local.buildApp(options, onError);","        };","","        local.testCase_buildCustomOrg_default = local.testCase_buildCustomOrg_default ||","            function (options, onError) {","            /*","             * this function will test buildCustomOrg's default handling-behavior","             */","                options = {};","                local.buildCustomOrg(options, onError);","            };","","        local.testCase_buildLib_default = local.testCase_buildLib_default || function (","            options,","            onError","        ) {","        /*","         * this function will test buildLib's default handling-behavior","         */","            options = {};","            local.buildLib(options, onError);","        };","","        local.testCase_buildReadme_default = local.testCase_buildReadme_default || function (","            options,","            onError","        ) {","        /*","         * this function will test buildReadme's default handling-behavior-behavior","         */","            options = {};","            local.buildReadme(options, onError);","        };","","        local.testCase_buildTest_default = local.testCase_buildTest_default || function (","            options,","            onError","        ) {","        /*","         * this function will test buildTest's default handling-behavior","         */","            options = {};","            local.buildTest(options, onError);","        };","","        local.testCase_webpage_default = local.testCase_webpage_default || function (","            options,","            onError","        ) {","        /*","         * this function will test webpage's default handling-behavior","         */","            options = { modeCoverageMerge: true, url: local.serverLocalHost + '?modeTest=1' };","            local.browserTest(options, onError);","        };","","        // run test-server","        local.testRunServer(local);","        break;","    }","}());",""],"l":{"12":2,"14":2,"19":2,"21":2,"23":2,"24":2,"25":2,"30":1,"37":2,"40":2,"43":1,"47":1,"50":1,"52":1,"55":2,"61":2,"62":2,"64":2,"70":1,"76":1,"82":2,"83":2,"85":2,"91":1,"98":1,"102":1,"105":1,"112":1,"119":1,"120":1,"123":1,"130":1,"131":1,"132":1,"133":1,"134":1,"135":1,"138":1,"143":2,"144":2,"147":1,"154":2,"155":2,"158":1,"165":2,"166":2,"169":1,"176":2,"177":2,"180":1,"187":1,"188":1,"192":1,"193":1}},"/home/travis/build/npmtest/node-npmtest-backoff/lib.npmtest_backoff.js":{"path":"/home/travis/build/npmtest/node-npmtest-backoff/lib.npmtest_backoff.js","s":{"1":2,"2":2,"3":2,"4":2,"5":2,"6":2,"7":2,"8":1,"9":2,"10":2,"11":2,"12":2,"13":1,"14":1,"15":1,"16":1},"b":{"1":[2,1,1,1],"2":[1,1,1,1],"3":[1,1],"4":[2,2],"5":[1,1]},"f":{"1":2,"2":2,"3":2},"fnMap":{"1":{"name":"(anonymous_1)","line":12,"loc":{"start":{"line":12,"column":1},"end":{"line":12,"column":13}}},"2":{"name":"(anonymous_2)","line":19,"loc":{"start":{"line":19,"column":5},"end":{"line":19,"column":17}}},"3":{"name":"(anonymous_3)","line":23,"loc":{"start":{"line":23,"column":24},"end":{"line":23,"column":36}}}},"statementMap":{"1":{"start":{"line":12,"column":0},"end":{"line":53,"column":5}},"2":{"start":{"line":14,"column":4},"end":{"line":14,"column":14}},"3":{"start":{"line":19,"column":4},"end":{"line":52,"column":9}},"4":{"start":{"line":21,"column":8},"end":{"line":21,"column":19}},"5":{"start":{"line":23,"column":8},"end":{"line":35,"column":13}},"6":{"start":{"line":24,"column":12},"end":{"line":34,"column":13}},"7":{"start":{"line":25,"column":16},"end":{"line":28,"column":30}},"8":{"start":{"line":30,"column":16},"end":{"line":33,"column":27}},"9":{"start":{"line":37,"column":8},"end":{"line":39,"column":21}},"10":{"start":{"line":41,"column":8},"end":{"line":41,"column":54}},"11":{"start":{"line":43,"column":8},"end":{"line":43,"column":52}},"12":{"start":{"line":45,"column":8},"end":{"line":51,"column":9}},"13":{"start":{"line":46,"column":12},"end":{"line":46,"column":58}},"14":{"start":{"line":48,"column":12},"end":{"line":48,"column":35}},"15":{"start":{"line":49,"column":12},"end":{"line":49,"column":49}},"16":{"start":{"line":50,"column":12},"end":{"line":50,"column":43}}},"branchMap":{"1":{"line":25,"type":"binary-expr","locations":[{"start":{"line":25,"column":23},"end":{"line":25,"column":62}},{"start":{"line":26,"column":20},"end":{"line":26,"column":70}},{"start":{"line":27,"column":20},"end":{"line":27,"column":71}},{"start":{"line":28,"column":20},"end":{"line":28,"column":29}}]},"2":{"line":30,"type":"binary-expr","locations":[{"start":{"line":30,"column":23},"end":{"line":30,"column":37}},{"start":{"line":31,"column":20},"end":{"line":31,"column":61}},{"start":{"line":32,"column":20},"end":{"line":32,"column":70}},{"start":{"line":33,"column":20},"end":{"line":33,"column":26}}]},"3":{"line":37,"type":"cond-expr","locations":[{"start":{"line":38,"column":14},"end":{"line":38,"column":20}},{"start":{"line":39,"column":14},"end":{"line":39,"column":20}}]},"4":{"line":41,"type":"binary-expr","locations":[{"start":{"line":41,"column":16},"end":{"line":41,"column":44}},{"start":{"line":41,"column":48},"end":{"line":41,"column":53}}]},"5":{"line":45,"type":"if","locations":[{"start":{"line":45,"column":8},"end":{"line":45,"column":8}},{"start":{"line":45,"column":8},"end":{"line":45,"column":8}}]}},"code":["/* istanbul instrument in package npmtest_backoff */","/*jslint","    bitwise: true,","    browser: true,","    maxerr: 8,","    maxlen: 96,","    node: true,","    nomen: true,","    regexp: true,","    stupid: true","*/","(function () {","    'use strict';","    var local;","","","","    // run shared js-env code - pre-init","    (function () {","        // init local","        local = {};","        // init modeJs","        local.modeJs = (function () {","            try {","                return typeof navigator.userAgent === 'string' &&","                    typeof document.querySelector('body') === 'object' &&","                    typeof XMLHttpRequest.prototype.open === 'function' &&","                    'browser';","            } catch (errorCaughtBrowser) {","                return module.exports &&","                    typeof process.versions.node === 'string' &&","                    typeof require('http').createServer === 'function' &&","                    'node';","            }","        }());","        // init global","        local.global = local.modeJs === 'browser'","            ? window","            : global;","        // init utility2_rollup","        local = local.global.utility2_rollup || local;","        // init lib","        local.local = local.npmtest_backoff = local;","        // init exports","        if (local.modeJs === 'browser') {","            local.global.utility2_npmtest_backoff = local;","        } else {","            module.exports = local;","            module.exports.__dirname = __dirname;","            module.exports.module = module;","        }","    }());","}());",""],"l":{"12":2,"14":2,"19":2,"21":2,"23":2,"24":2,"25":2,"30":1,"37":2,"41":2,"43":2,"45":2,"46":1,"48":1,"49":1,"50":1}},"/home/travis/build/npmtest/node-npmtest-backoff/example.js":{"path":"/home/travis/build/npmtest/node-npmtest-backoff/example.js","s":{"1":2,"2":2,"3":2,"4":2,"5":2,"6":2,"7":2,"8":1,"9":2,"10":2,"11":2,"12":2,"13":1,"14":2,"15":2,"16":2,"17":2,"18":2,"19":0,"20":2,"21":1,"22":1,"23":1,"24":1,"25":1,"26":0,"27":0,"28":1,"29":1,"30":2,"31":0,"32":0,"33":0,"34":1,"35":2,"36":2,"37":3,"38":3,"39":3,"40":3,"41":0,"42":3,"43":3,"44":3,"45":1,"46":3,"47":1,"48":1,"49":1,"50":1,"51":1,"52":1,"53":1,"54":1,"55":1,"56":1,"57":0,"58":1,"59":6,"60":6,"61":1,"62":2,"63":0,"64":2,"65":1,"66":1,"67":0,"68":0,"69":0,"70":0,"71":0,"72":0,"73":0,"74":0,"75":0,"76":0,"77":0,"78":0,"79":0,"80":0,"81":0,"82":0,"83":0},"b":{"1":[2,1,1,1],"2":[1,1,1,1],"3":[1,1],"4":[2,2],"5":[1,1],"6":[1,1],"7":[2,0],"8":[2,1,1,1,1,1],"9":[0,2,0],"10":[1,1],"11":[2,1,1],"12":[1,0],"13":[0,2],"14":[2,0,0,0,0,0,0],"15":[0,3],"16":[3,0],"17":[1,1],"18":[0,1],"19":[1,2,0,2],"20":[1,0],"21":[1,1],"22":[0,0],"23":[0,0],"24":[0,0],"25":[0,0],"26":[0,0],"27":[0,0],"28":[0,0]},"f":{"1":2,"2":2,"3":2,"4":2,"5":2,"6":2,"7":3,"8":3,"9":3,"10":1,"11":6,"12":0},"fnMap":{"1":{"name":"(anonymous_1)","line":26,"loc":{"start":{"line":26,"column":1},"end":{"line":26,"column":13}}},"2":{"name":"(anonymous_2)","line":33,"loc":{"start":{"line":33,"column":5},"end":{"line":33,"column":17}}},"3":{"name":"(anonymous_3)","line":37,"loc":{"start":{"line":37,"column":24},"end":{"line":37,"column":36}}},"4":{"name":"(anonymous_4)","line":69,"loc":{"start":{"line":69,"column":31},"end":{"line":69,"column":48}},"skip":true},"5":{"name":"(anonymous_5)","line":78,"loc":{"start":{"line":78,"column":26},"end":{"line":78,"column":45}},"skip":true},"6":{"name":"(anonymous_6)","line":123,"loc":{"start":{"line":123,"column":33},"end":{"line":123,"column":48}},"skip":true},"7":{"name":"(anonymous_7)","line":125,"loc":{"start":{"line":125,"column":27},"end":{"line":125,"column":39}},"skip":true},"8":{"name":"(anonymous_8)","line":133,"loc":{"start":{"line":133,"column":59},"end":{"line":133,"column":74}},"skip":true},"9":{"name":"(anonymous_9)","line":143,"loc":{"start":{"line":143,"column":45},"end":{"line":143,"column":62}},"skip":true},"10":{"name":"(anonymous_10)","line":144,"loc":{"start":{"line":144,"column":73},"end":{"line":144,"column":92}},"skip":true},"11":{"name":"(anonymous_11)","line":272,"loc":{"start":{"line":272,"column":51},"end":{"line":272,"column":77}},"skip":true},"12":{"name":"(anonymous_12)","line":315,"loc":{"start":{"line":315,"column":32},"end":{"line":315,"column":61}},"skip":true}},"statementMap":{"1":{"start":{"line":26,"column":0},"end":{"line":326,"column":5}},"2":{"start":{"line":28,"column":4},"end":{"line":28,"column":14}},"3":{"start":{"line":33,"column":4},"end":{"line":60,"column":9}},"4":{"start":{"line":35,"column":8},"end":{"line":35,"column":19}},"5":{"start":{"line":37,"column":8},"end":{"line":49,"column":13}},"6":{"start":{"line":38,"column":12},"end":{"line":48,"column":13}},"7":{"start":{"line":39,"column":16},"end":{"line":42,"column":30}},"8":{"start":{"line":44,"column":16},"end":{"line":47,"column":27}},"9":{"start":{"line":51,"column":8},"end":{"line":53,"column":21}},"10":{"start":{"line":55,"column":8},"end":{"line":57,"column":45}},"11":{"start":{"line":59,"column":8},"end":{"line":59,"column":35}},"12":{"start":{"line":61,"column":4},"end":{"line":325,"column":5}},"13":{"start":{"line":69,"column":8},"end":{"line":121,"column":10},"skip":true},"14":{"start":{"line":70,"column":12},"end":{"line":88,"column":13},"skip":true},"15":{"start":{"line":76,"column":16},"end":{"line":87,"column":19},"skip":true},"16":{"start":{"line":79,"column":20},"end":{"line":86,"column":21},"skip":true},"17":{"start":{"line":82,"column":24},"end":{"line":82,"column":43},"skip":true},"18":{"start":{"line":83,"column":24},"end":{"line":83,"column":30},"skip":true},"19":{"start":{"line":85,"column":24},"end":{"line":85,"column":49},"skip":true},"20":{"start":{"line":89,"column":12},"end":{"line":107,"column":13},"skip":true},"21":{"start":{"line":92,"column":16},"end":{"line":102,"column":17},"skip":true},"22":{"start":{"line":93,"column":20},"end":{"line":93,"column":86},"skip":true},"23":{"start":{"line":94,"column":20},"end":{"line":95,"column":45},"skip":true},"24":{"start":{"line":96,"column":20},"end":{"line":96,"column":42},"skip":true},"25":{"start":{"line":97,"column":20},"end":{"line":97,"column":48},"skip":true},"26":{"start":{"line":100,"column":20},"end":{"line":100,"column":85},"skip":true},"27":{"start":{"line":101,"column":20},"end":{"line":101,"column":96},"skip":true},"28":{"start":{"line":103,"column":16},"end":{"line":103,"column":22},"skip":true},"29":{"start":{"line":106,"column":16},"end":{"line":106,"column":22},"skip":true},"30":{"start":{"line":108,"column":12},"end":{"line":120,"column":13},"skip":true},"31":{"start":{"line":114,"column":16},"end":{"line":119,"column":17},"skip":true},"32":{"start":{"line":116,"column":20},"end":{"line":116,"column":78},"skip":true},"33":{"start":{"line":118,"column":20},"end":{"line":118,"column":47},"skip":true},"34":{"start":{"line":123,"column":8},"end":{"line":141,"column":11},"skip":true},"35":{"start":{"line":124,"column":12},"end":{"line":124,"column":54},"skip":true},"36":{"start":{"line":125,"column":12},"end":{"line":140,"column":14},"skip":true},"37":{"start":{"line":126,"column":16},"end":{"line":126,"column":28},"skip":true},"38":{"start":{"line":127,"column":16},"end":{"line":127,"column":69},"skip":true},"39":{"start":{"line":128,"column":16},"end":{"line":128,"column":75},"skip":true},"40":{"start":{"line":129,"column":16},"end":{"line":131,"column":17},"skip":true},"41":{"start":{"line":130,"column":20},"end":{"line":130,"column":27},"skip":true},"42":{"start":{"line":133,"column":16},"end":{"line":137,"column":36},"skip":true},"43":{"start":{"line":134,"column":20},"end":{"line":136,"column":55},"skip":true},"44":{"start":{"line":139,"column":16},"end":{"line":139,"column":57},"skip":true},"45":{"start":{"line":143,"column":8},"end":{"line":147,"column":11},"skip":true},"46":{"start":{"line":144,"column":12},"end":{"line":146,"column":15},"skip":true},"47":{"start":{"line":145,"column":16},"end":{"line":145,"column":70},"skip":true},"48":{"start":{"line":149,"column":8},"end":{"line":149,"column":31},"skip":true},"49":{"start":{"line":150,"column":8},"end":{"line":150,"column":14},"skip":true},"50":{"start":{"line":158,"column":8},"end":{"line":158,"column":31},"skip":true},"51":{"start":{"line":160,"column":8},"end":{"line":160,"column":33},"skip":true},"52":{"start":{"line":161,"column":8},"end":{"line":161,"column":37},"skip":true},"53":{"start":{"line":162,"column":8},"end":{"line":162,"column":35},"skip":true},"54":{"start":{"line":164,"column":8},"end":{"line":164,"column":50},"skip":true},"55":{"start":{"line":166,"column":8},"end":{"line":256,"column":2},"skip":true},"56":{"start":{"line":258,"column":8},"end":{"line":286,"column":9},"skip":true},"57":{"start":{"line":259,"column":12},"end":{"line":269,"column":14},"skip":true},"58":{"start":{"line":271,"column":12},"end":{"line":285,"column":19},"skip":true},"59":{"start":{"line":274,"column":20},"end":{"line":274,"column":35},"skip":true},"60":{"start":{"line":275,"column":20},"end":{"line":284,"column":21},"skip":true},"61":{"start":{"line":277,"column":24},"end":{"line":277,"column":64},"skip":true},"62":{"start":{"line":279,"column":24},"end":{"line":279,"column":40},"skip":true},"63":{"start":{"line":281,"column":24},"end":{"line":281,"column":40},"skip":true},"64":{"start":{"line":283,"column":24},"end":{"line":283,"column":39},"skip":true},"65":{"start":{"line":288,"column":8},"end":{"line":290,"column":9},"skip":true},"66":{"start":{"line":289,"column":12},"end":{"line":289,"column":18},"skip":true},"67":{"start":{"line":291,"column":8},"end":{"line":293,"column":54},"skip":true},"68":{"start":{"line":296,"column":8},"end":{"line":301,"column":37},"skip":true},"69":{"start":{"line":303,"column":8},"end":{"line":303,"column":82},"skip":true},"70":{"start":{"line":306,"column":8},"end":{"line":308,"column":9},"skip":true},"71":{"start":{"line":307,"column":12},"end":{"line":307,"column":82},"skip":true},"72":{"start":{"line":310,"column":8},"end":{"line":312,"column":9},"skip":true},"73":{"start":{"line":311,"column":12},"end":{"line":311,"column":18},"skip":true},"74":{"start":{"line":313,"column":8},"end":{"line":313,"column":54},"skip":true},"75":{"start":{"line":314,"column":8},"end":{"line":314,"column":69},"skip":true},"76":{"start":{"line":315,"column":8},"end":{"line":323,"column":36},"skip":true},"77":{"start":{"line":316,"column":12},"end":{"line":316,"column":61},"skip":true},"78":{"start":{"line":317,"column":12},"end":{"line":320,"column":13},"skip":true},"79":{"start":{"line":318,"column":16},"end":{"line":318,"column":75},"skip":true},"80":{"start":{"line":319,"column":16},"end":{"line":319,"column":23},"skip":true},"81":{"start":{"line":321,"column":12},"end":{"line":321,"column":38},"skip":true},"82":{"start":{"line":322,"column":12},"end":{"line":322,"column":27},"skip":true},"83":{"start":{"line":324,"column":8},"end":{"line":324,"column":14},"skip":true}},"branchMap":{"1":{"line":39,"type":"binary-expr","locations":[{"start":{"line":39,"column":23},"end":{"line":39,"column":62}},{"start":{"line":40,"column":20},"end":{"line":40,"column":70}},{"start":{"line":41,"column":20},"end":{"line":41,"column":71}},{"start":{"line":42,"column":20},"end":{"line":42,"column":29}}]},"2":{"line":44,"type":"binary-expr","locations":[{"start":{"line":44,"column":23},"end":{"line":44,"column":37}},{"start":{"line":45,"column":20},"end":{"line":45,"column":61}},{"start":{"line":46,"column":20},"end":{"line":46,"column":70}},{"start":{"line":47,"column":20},"end":{"line":47,"column":26}}]},"3":{"line":51,"type":"cond-expr","locations":[{"start":{"line":52,"column":14},"end":{"line":52,"column":20}},{"start":{"line":53,"column":14},"end":{"line":53,"column":20}}]},"4":{"line":55,"type":"binary-expr","locations":[{"start":{"line":55,"column":16},"end":{"line":55,"column":44}},{"start":{"line":55,"column":49},"end":{"line":57,"column":43}}]},"5":{"line":55,"type":"cond-expr","locations":[{"start":{"line":56,"column":14},"end":{"line":56,"column":51}},{"start":{"line":57,"column":14},"end":{"line":57,"column":43}}]},"6":{"line":61,"type":"switch","locations":[{"start":{"line":68,"column":4},"end":{"line":150,"column":14},"skip":true},{"start":{"line":156,"column":4},"end":{"line":324,"column":14},"skip":true}]},"7":{"line":70,"type":"if","locations":[{"start":{"line":70,"column":12},"end":{"line":70,"column":12},"skip":true},{"start":{"line":70,"column":12},"end":{"line":70,"column":12},"skip":true}]},"8":{"line":70,"type":"binary-expr","locations":[{"start":{"line":70,"column":16},"end":{"line":70,"column":22},"skip":true},{"start":{"line":70,"column":27},"end":{"line":70,"column":32},"skip":true},{"start":{"line":71,"column":20},"end":{"line":71,"column":39},"skip":true},{"start":{"line":72,"column":20},"end":{"line":72,"column":49},"skip":true},{"start":{"line":73,"column":20},"end":{"line":73,"column":58},"skip":true},{"start":{"line":74,"column":20},"end":{"line":74,"column":69},"skip":true}]},"9":{"line":79,"type":"switch","locations":[{"start":{"line":80,"column":20},"end":{"line":80,"column":33},"skip":true},{"start":{"line":81,"column":20},"end":{"line":83,"column":30},"skip":true},{"start":{"line":84,"column":20},"end":{"line":85,"column":49},"skip":true}]},"10":{"line":89,"type":"switch","locations":[{"start":{"line":90,"column":12},"end":{"line":103,"column":22},"skip":true},{"start":{"line":105,"column":12},"end":{"line":106,"column":22},"skip":true}]},"11":{"line":89,"type":"binary-expr","locations":[{"start":{"line":89,"column":20},"end":{"line":89,"column":25},"skip":true},{"start":{"line":89,"column":29},"end":{"line":89,"column":48},"skip":true},{"start":{"line":89,"column":52},"end":{"line":89,"column":74},"skip":true}]},"12":{"line":92,"type":"if","locations":[{"start":{"line":92,"column":16},"end":{"line":92,"column":16},"skip":true},{"start":{"line":92,"column":16},"end":{"line":92,"column":16},"skip":true}]},"13":{"line":108,"type":"if","locations":[{"start":{"line":108,"column":12},"end":{"line":108,"column":12},"skip":true},{"start":{"line":108,"column":12},"end":{"line":108,"column":12},"skip":true}]},"14":{"line":108,"type":"binary-expr","locations":[{"start":{"line":108,"column":16},"end":{"line":108,"column":61},"skip":true},{"start":{"line":108,"column":66},"end":{"line":108,"column":72},"skip":true},{"start":{"line":108,"column":77},"end":{"line":108,"column":82},"skip":true},{"start":{"line":109,"column":20},"end":{"line":109,"column":39},"skip":true},{"start":{"line":110,"column":20},"end":{"line":110,"column":49},"skip":true},{"start":{"line":111,"column":20},"end":{"line":111,"column":58},"skip":true},{"start":{"line":112,"column":20},"end":{"line":112,"column":68},"skip":true}]},"15":{"line":129,"type":"if","locations":[{"start":{"line":129,"column":16},"end":{"line":129,"column":16},"skip":true},{"start":{"line":129,"column":16},"end":{"line":129,"column":16},"skip":true}]},"16":{"line":134,"type":"cond-expr","locations":[{"start":{"line":135,"column":26},"end":{"line":135,"column":29},"skip":true},{"start":{"line":136,"column":26},"end":{"line":136,"column":54},"skip":true}]},"17":{"line":164,"type":"binary-expr","locations":[{"start":{"line":164,"column":27},"end":{"line":164,"column":43},"skip":true},{"start":{"line":164,"column":47},"end":{"line":164,"column":49},"skip":true}]},"18":{"line":258,"type":"if","locations":[{"start":{"line":258,"column":8},"end":{"line":258,"column":8},"skip":true},{"start":{"line":258,"column":8},"end":{"line":258,"column":8},"skip":true}]},"19":{"line":275,"type":"switch","locations":[{"start":{"line":276,"column":20},"end":{"line":277,"column":64},"skip":true},{"start":{"line":278,"column":20},"end":{"line":279,"column":40},"skip":true},{"start":{"line":280,"column":20},"end":{"line":281,"column":40},"skip":true},{"start":{"line":282,"column":20},"end":{"line":283,"column":39},"skip":true}]},"20":{"line":288,"type":"if","locations":[{"start":{"line":288,"column":8},"end":{"line":288,"column":8},"skip":true},{"start":{"line":288,"column":8},"end":{"line":288,"column":8},"skip":true}]},"21":{"line":288,"type":"binary-expr","locations":[{"start":{"line":288,"column":12},"end":{"line":288,"column":40},"skip":true},{"start":{"line":288,"column":44},"end":{"line":288,"column":67},"skip":true}]},"22":{"line":292,"type":"binary-expr","locations":[{"start":{"line":292,"column":12},"end":{"line":292,"column":50},"skip":true},{"start":{"line":293,"column":12},"end":{"line":293,"column":53},"skip":true}]},"23":{"line":297,"type":"binary-expr","locations":[{"start":{"line":297,"column":12},"end":{"line":297,"column":65},"skip":true},{"start":{"line":298,"column":12},"end":{"line":301,"column":36},"skip":true}]},"24":{"line":303,"type":"binary-expr","locations":[{"start":{"line":303,"column":43},"end":{"line":303,"column":75},"skip":true},{"start":{"line":303,"column":79},"end":{"line":303,"column":81},"skip":true}]},"25":{"line":306,"type":"if","locations":[{"start":{"line":306,"column":8},"end":{"line":306,"column":8},"skip":true},{"start":{"line":306,"column":8},"end":{"line":306,"column":8},"skip":true}]},"26":{"line":310,"type":"if","locations":[{"start":{"line":310,"column":8},"end":{"line":310,"column":8},"skip":true},{"start":{"line":310,"column":8},"end":{"line":310,"column":8},"skip":true}]},"27":{"line":313,"type":"binary-expr","locations":[{"start":{"line":313,"column":27},"end":{"line":313,"column":43},"skip":true},{"start":{"line":313,"column":47},"end":{"line":313,"column":53},"skip":true}]},"28":{"line":317,"type":"if","locations":[{"start":{"line":317,"column":12},"end":{"line":317,"column":12},"skip":true},{"start":{"line":317,"column":12},"end":{"line":317,"column":12},"skip":true}]}},"code":["/*","example.js","","quickstart example","","instruction","    1. save this script as example.js","    2. run the shell command:","        $ npm install npmtest-backoff && PORT=8081 node example.js","    3. play with the browser-demo on http://127.0.0.1:8081","*/","","","","/* istanbul instrument in package npmtest_backoff */","/*jslint","    bitwise: true,","    browser: true,","    maxerr: 8,","    maxlen: 96,","    node: true,","    nomen: true,","    regexp: true,","    stupid: true","*/","(function () {","    'use strict';","    var local;","","","","    // run shared js-env code - pre-init","    (function () {","        // init local","        local = {};","        // init modeJs","        local.modeJs = (function () {","            try {","                return typeof navigator.userAgent === 'string' &&","                    typeof document.querySelector('body') === 'object' &&","                    typeof XMLHttpRequest.prototype.open === 'function' &&","                    'browser';","            } catch (errorCaughtBrowser) {","                return module.exports &&","                    typeof process.versions.node === 'string' &&","                    typeof require('http').createServer === 'function' &&","                    'node';","            }","        }());","        // init global","        local.global = local.modeJs === 'browser'","            ? window","            : global;","        // init utility2_rollup","        local = local.global.utility2_rollup || (local.modeJs === 'browser'","            ? local.global.utility2_npmtest_backoff","            : global.utility2_moduleExports);","        // export local","        local.global.local = local;","    }());","    switch (local.modeJs) {","","","","    // post-init","    // run browser js-env code - post-init","    /* istanbul ignore next */","    case 'browser':","        local.testRunBrowser = function (event) {","            if (!event || (event &&","                    event.currentTarget &&","                    event.currentTarget.className &&","                    event.currentTarget.className.includes &&","                    event.currentTarget.className.includes('onreset'))) {","                // reset output","                Array.from(","                    document.querySelectorAll('body > .resettable')","                ).forEach(function (element) {","                    switch (element.tagName) {","                    case 'INPUT':","                    case 'TEXTAREA':","                        element.value = '';","                        break;","                    default:","                        element.textContent = '';","                    }","                });","            }","            switch (event && event.currentTarget && event.currentTarget.id) {","            case 'testRunButton1':","                // show tests","                if (document.querySelector('#testReportDiv1').style.display === 'none') {","                    document.querySelector('#testReportDiv1').style.display = 'block';","                    document.querySelector('#testRunButton1').textContent =","                        'hide internal test';","                    local.modeTest = true;","                    local.testRunDefault(local);","                // hide tests","                } else {","                    document.querySelector('#testReportDiv1').style.display = 'none';","                    document.querySelector('#testRunButton1').textContent = 'run internal test';","                }","                break;","            // custom-case","            default:","                break;","            }","            if (document.querySelector('#inputTextareaEval1') && (!event || (event &&","                    event.currentTarget &&","                    event.currentTarget.className &&","                    event.currentTarget.className.includes &&","                    event.currentTarget.className.includes('oneval')))) {","                // try to eval input-code","                try {","                    /*jslint evil: true*/","                    eval(document.querySelector('#inputTextareaEval1').value);","                } catch (errorCaught) {","                    console.error(errorCaught);","                }","            }","        };","        // log stderr and stdout to #outputTextareaStdout1","        ['error', 'log'].forEach(function (key) {","            console[key + '_original'] = console[key];","            console[key] = function () {","                var element;","                console[key + '_original'].apply(console, arguments);","                element = document.querySelector('#outputTextareaStdout1');","                if (!element) {","                    return;","                }","                // append text to #outputTextareaStdout1","                element.value += Array.from(arguments).map(function (arg) {","                    return typeof arg === 'string'","                        ? arg","                        : JSON.stringify(arg, null, 4);","                }).join(' ') + '\\n';","                // scroll textarea to bottom","                element.scrollTop = element.scrollHeight;","            };","        });","        // init event-handling","        ['change', 'click', 'keyup'].forEach(function (event) {","            Array.from(document.querySelectorAll('.on' + event)).forEach(function (element) {","                element.addEventListener(event, local.testRunBrowser);","            });","        });","        // run tests","        local.testRunBrowser();","        break;","","","","    // run node js-env code - post-init","    /* istanbul ignore next */","    case 'node':","        // export local","        module.exports = local;","        // require modules","        local.fs = require('fs');","        local.http = require('http');","        local.url = require('url');","        // init assets","        local.assetsDict = local.assetsDict || {};","        /* jslint-ignore-begin */","        local.assetsDict['/assets.index.template.html'] = '\\","<!doctype html>\\n\\","<html lang=\"en\">\\n\\","<head>\\n\\","<meta charset=\"UTF-8\">\\n\\","<meta name=\"viewport\" content=\"width=device-width, initial-scale=1\">\\n\\","<title>{{env.npm_package_name}} (v{{env.npm_package_version}})</title>\\n\\","<style>\\n\\","/*csslint\\n\\","    box-sizing: false,\\n\\","    universal-selector: false\\n\\","*/\\n\\","* {\\n\\","    box-sizing: border-box;\\n\\","}\\n\\","body {\\n\\","    background: #dde;\\n\\","    font-family: Arial, Helvetica, sans-serif;\\n\\","    margin: 2rem;\\n\\","}\\n\\","body > * {\\n\\","    margin-bottom: 1rem;\\n\\","}\\n\\",".utility2FooterDiv {\\n\\","    margin-top: 20px;\\n\\","    text-align: center;\\n\\","}\\n\\","</style>\\n\\","<style>\\n\\","/*csslint\\n\\","*/\\n\\","textarea {\\n\\","    font-family: monospace;\\n\\","    height: 10rem;\\n\\","    width: 100%;\\n\\","}\\n\\","textarea[readonly] {\\n\\","    background: #ddd;\\n\\","}\\n\\","</style>\\n\\","</head>\\n\\","<body>\\n\\","<!-- utility2-comment\\n\\","<div id=\"ajaxProgressDiv1\" style=\"background: #d00; height: 2px; left: 0; margin: 0; padding: 0; position: fixed; top: 0; transition: background 0.5s, width 1.5s; width: 25%;\"></div>\\n\\","utility2-comment -->\\n\\","<h1>\\n\\","<!-- utility2-comment\\n\\","    <a\\n\\","        {{#if env.npm_package_homepage}}\\n\\","        href=\"{{env.npm_package_homepage}}\"\\n\\","        {{/if env.npm_package_homepage}}\\n\\","        target=\"_blank\"\\n\\","    >\\n\\","utility2-comment -->\\n\\","        {{env.npm_package_name}} (v{{env.npm_package_version}})\\n\\","<!-- utility2-comment\\n\\","    </a>\\n\\","utility2-comment -->\\n\\","</h1>\\n\\","<h3>{{env.npm_package_description}}</h3>\\n\\","<!-- utility2-comment\\n\\","<h4><a download href=\"assets.app.js\">download standalone app</a></h4>\\n\\","<button class=\"onclick onreset\" id=\"testRunButton1\">run internal test</button><br>\\n\\","<div id=\"testReportDiv1\" style=\"display: none;\"></div>\\n\\","utility2-comment -->\\n\\","\\n\\","\\n\\","\\n\\","<label>stderr and stdout</label>\\n\\","<textarea class=\"resettable\" id=\"outputTextareaStdout1\" readonly></textarea>\\n\\","<!-- utility2-comment\\n\\","{{#if isRollup}}\\n\\","<script src=\"assets.app.js\"></script>\\n\\","{{#unless isRollup}}\\n\\","utility2-comment -->\\n\\","<script src=\"assets.utility2.rollup.js\"></script>\\n\\","<script src=\"jsonp.utility2._stateInit?callback=window.utility2._stateInit\"></script>\\n\\","<script src=\"assets.npmtest_backoff.rollup.js\"></script>\\n\\","<script src=\"assets.example.js\"></script>\\n\\","<script src=\"assets.test.js\"></script>\\n\\","<!-- utility2-comment\\n\\","{{/if isRollup}}\\n\\","utility2-comment -->\\n\\","<div class=\"utility2FooterDiv\">\\n\\","    [ this app was created with\\n\\","    <a href=\"https://github.com/kaizhu256/node-utility2\" target=\"_blank\">utility2</a>\\n\\","    ]\\n\\","</div>\\n\\","</body>\\n\\","</html>\\n\\","';","        /* jslint-ignore-end */","        if (local.templateRender) {","            local.assetsDict['/'] = local.templateRender(","                local.assetsDict['/assets.index.template.html'],","                {","                    env: local.objectSetDefault(local.env, {","                        npm_package_description: 'the greatest app in the world!',","                        npm_package_name: 'my-app',","                        npm_package_nameAlias: 'my_app',","                        npm_package_version: '0.0.1'","                    })","                }","            );","        } else {","            local.assetsDict['/'] = local.assetsDict['/assets.index.template.html']","                .replace((/\\{\\{env\\.(\\w+?)\\}\\}/g), function (match0, match1) {","                    // jslint-hack","                    String(match0);","                    switch (match1) {","                    case 'npm_package_description':","                        return 'the greatest app in the world!';","                    case 'npm_package_name':","                        return 'my-app';","                    case 'npm_package_nameAlias':","                        return 'my_app';","                    case 'npm_package_version':","                        return '0.0.1';","                    }","                });","        }","        // run the cli","        if (local.global.utility2_rollup || module !== require.main) {","            break;","        }","        local.assetsDict['/assets.example.js'] =","            local.assetsDict['/assets.example.js'] ||","            local.fs.readFileSync(__filename, 'utf8');","        // bug-workaround - long $npm_package_buildCustomOrg","        /* jslint-ignore-begin */","        local.assetsDict['/assets.npmtest_backoff.rollup.js'] =","            local.assetsDict['/assets.npmtest_backoff.rollup.js'] ||","            local.fs.readFileSync(","                local.npmtest_backoff.__dirname + '/lib.npmtest_backoff.js',","                'utf8'","            ).replace((/^#!/), '//');","        /* jslint-ignore-end */","        local.assetsDict['/favicon.ico'] = local.assetsDict['/favicon.ico'] || '';","        // if $npm_config_timeout_exit exists,","        // then exit this process after $npm_config_timeout_exit ms","        if (Number(process.env.npm_config_timeout_exit)) {","            setTimeout(process.exit, Number(process.env.npm_config_timeout_exit));","        }","        // start server","        if (local.global.utility2_serverHttp1) {","            break;","        }","        process.env.PORT = process.env.PORT || '8081';","        console.error('server starting on port ' + process.env.PORT);","        local.http.createServer(function (request, response) {","            request.urlParsed = local.url.parse(request.url);","            if (local.assetsDict[request.urlParsed.pathname] !== undefined) {","                response.end(local.assetsDict[request.urlParsed.pathname]);","                return;","            }","            response.statusCode = 404;","            response.end();","        }).listen(process.env.PORT);","        break;","    }","}());",""],"l":{"26":2,"28":2,"33":2,"35":2,"37":2,"38":2,"39":2,"44":1,"51":2,"55":2,"59":2,"61":2,"69":1,"70":2,"76":2,"79":2,"82":2,"83":2,"85":1,"89":2,"92":1,"93":1,"94":1,"96":1,"97":1,"100":1,"101":1,"103":1,"106":1,"108":2,"114":1,"116":1,"118":1,"123":1,"124":2,"125":2,"126":3,"127":3,"128":3,"129":3,"130":1,"133":3,"134":3,"139":3,"143":1,"144":3,"145":1,"149":1,"150":1,"158":1,"160":1,"161":1,"162":1,"164":1,"166":1,"258":1,"259":1,"271":1,"274":6,"275":6,"277":1,"279":2,"281":1,"283":2,"288":1,"289":1,"291":1,"296":1,"303":1,"306":1,"307":1,"310":1,"311":1,"313":1,"314":1,"315":1,"316":1,"317":1,"318":1,"319":1,"321":1,"322":1,"324":1}},"/home/travis/build/npmtest/node-npmtest-backoff/node_modules/backoff/index.js":{"path":"/home/travis/build/npmtest/node-npmtest-backoff/node_modules/backoff/index.js","s":{"1":1,"2":1,"3":1,"4":1,"5":1,"6":1,"7":1,"8":1,"9":1,"10":0,"11":1,"12":0,"13":1,"14":0,"15":0,"16":0,"17":0,"18":0},"b":{},"f":{"1":0,"2":0,"3":0},"fnMap":{"1":{"name":"(anonymous_1)","line":15,"loc":{"start":{"line":15,"column":27},"end":{"line":15,"column":45}}},"2":{"name":"(anonymous_2)","line":20,"loc":{"start":{"line":20,"column":29},"end":{"line":20,"column":47}}},"3":{"name":"(anonymous_3)","line":25,"loc":{"start":{"line":25,"column":22},"end":{"line":25,"column":52}}}},"statementMap":{"1":{"start":{"line":4,"column":0},"end":{"line":4,"column":39}},"2":{"start":{"line":5,"column":0},"end":{"line":5,"column":71}},"3":{"start":{"line":6,"column":0},"end":{"line":6,"column":67}},"4":{"start":{"line":7,"column":0},"end":{"line":7,"column":53}},"5":{"start":{"line":9,"column":0},"end":{"line":9,"column":33}},"6":{"start":{"line":10,"column":0},"end":{"line":10,"column":43}},"7":{"start":{"line":11,"column":0},"end":{"line":11,"column":60}},"8":{"start":{"line":12,"column":0},"end":{"line":12,"column":64}},"9":{"start":{"line":15,"column":0},"end":{"line":17,"column":2}},"10":{"start":{"line":16,"column":4},"end":{"line":16,"column":62}},"11":{"start":{"line":20,"column":0},"end":{"line":22,"column":2}},"12":{"start":{"line":21,"column":4},"end":{"line":21,"column":64}},"13":{"start":{"line":25,"column":0},"end":{"line":31,"column":2}},"14":{"start":{"line":26,"column":4},"end":{"line":26,"column":53}},"15":{"start":{"line":27,"column":4},"end":{"line":27,"column":17}},"16":{"start":{"line":28,"column":4},"end":{"line":28,"column":43}},"17":{"start":{"line":29,"column":4},"end":{"line":29,"column":37}},"18":{"start":{"line":30,"column":4},"end":{"line":30,"column":49}}},"branchMap":{},"code":["//      Copyright (c) 2012 Mathieu Turcotte","//      Licensed under the MIT license.","","var Backoff = require('./lib/backoff');","var ExponentialBackoffStrategy = require('./lib/strategy/exponential');","var FibonacciBackoffStrategy = require('./lib/strategy/fibonacci');","var FunctionCall = require('./lib/function_call.js');","","module.exports.Backoff = Backoff;","module.exports.FunctionCall = FunctionCall;","module.exports.FibonacciStrategy = FibonacciBackoffStrategy;","module.exports.ExponentialStrategy = ExponentialBackoffStrategy;","","// Constructs a Fibonacci backoff.","module.exports.fibonacci = function(options) {","    return new Backoff(new FibonacciBackoffStrategy(options));","};","","// Constructs an exponential backoff.","module.exports.exponential = function(options) {","    return new Backoff(new ExponentialBackoffStrategy(options));","};","","// Constructs a FunctionCall for the given function and arguments.","module.exports.call = function(fn, vargs, callback) {","    var args = Array.prototype.slice.call(arguments);","    fn = args[0];","    vargs = args.slice(1, args.length - 1);","    callback = args[args.length - 1];","    return new FunctionCall(fn, vargs, callback);","};",""],"l":{"4":1,"5":1,"6":1,"7":1,"9":1,"10":1,"11":1,"12":1,"15":1,"16":0,"20":1,"21":0,"25":1,"26":0,"27":0,"28":0,"29":0,"30":0}},"/home/travis/build/npmtest/node-npmtest-backoff/node_modules/backoff/lib/backoff.js":{"path":"/home/travis/build/npmtest/node-npmtest-backoff/node_modules/backoff/lib/backoff.js","s":{"1":1,"2":1,"3":1,"4":1,"5":0,"6":0,"7":0,"8":0,"9":0,"10":0,"11":0,"12":1,"13":1,"14":0,"15":0,"16":1,"17":0,"18":0,"19":0,"20":0,"21":0,"22":0,"23":0,"24":1,"25":0,"26":0,"27":0,"28":1,"29":0,"30":0,"31":0,"32":0,"33":1},"b":{"1":[0,0]},"f":{"1":0,"2":0,"3":0,"4":0,"5":0},"fnMap":{"1":{"name":"Backoff","line":10,"loc":{"start":{"line":10,"column":0},"end":{"line":10,"column":34}}},"2":{"name":"(anonymous_2)","line":27,"loc":{"start":{"line":27,"column":30},"end":{"line":27,"column":57}}},"3":{"name":"(anonymous_3)","line":37,"loc":{"start":{"line":37,"column":28},"end":{"line":37,"column":42}}},"4":{"name":"(anonymous_4)","line":51,"loc":{"start":{"line":51,"column":31},"end":{"line":51,"column":42}}},"5":{"name":"(anonymous_5)","line":58,"loc":{"start":{"line":58,"column":26},"end":{"line":58,"column":37}}}},"statementMap":{"1":{"start":{"line":4,"column":0},"end":{"line":4,"column":31}},"2":{"start":{"line":5,"column":0},"end":{"line":5,"column":33}},"3":{"start":{"line":6,"column":0},"end":{"line":6,"column":27}},"4":{"start":{"line":10,"column":0},"end":{"line":22,"column":1}},"5":{"start":{"line":11,"column":4},"end":{"line":11,"column":35}},"6":{"start":{"line":13,"column":4},"end":{"line":13,"column":44}},"7":{"start":{"line":14,"column":4},"end":{"line":14,"column":32}},"8":{"start":{"line":15,"column":4},"end":{"line":15,"column":28}},"9":{"start":{"line":16,"column":4},"end":{"line":16,"column":27}},"10":{"start":{"line":17,"column":4},"end":{"line":17,"column":25}},"11":{"start":{"line":19,"column":4},"end":{"line":21,"column":6}},"12":{"start":{"line":23,"column":0},"end":{"line":23,"column":44}},"13":{"start":{"line":27,"column":0},"end":{"line":33,"column":2}},"14":{"start":{"line":28,"column":4},"end":{"line":30,"column":26}},"15":{"start":{"line":32,"column":4},"end":{"line":32,"column":46}},"16":{"start":{"line":37,"column":0},"end":{"line":48,"column":2}},"17":{"start":{"line":38,"column":4},"end":{"line":38,"column":71}},"18":{"start":{"line":40,"column":4},"end":{"line":47,"column":5}},"19":{"start":{"line":41,"column":8},"end":{"line":41,"column":31}},"20":{"start":{"line":42,"column":8},"end":{"line":42,"column":21}},"21":{"start":{"line":44,"column":8},"end":{"line":44,"column":58}},"22":{"start":{"line":45,"column":8},"end":{"line":45,"column":80}},"23":{"start":{"line":46,"column":8},"end":{"line":46,"column":75}},"24":{"start":{"line":51,"column":0},"end":{"line":55,"column":2}},"25":{"start":{"line":52,"column":4},"end":{"line":52,"column":25}},"26":{"start":{"line":53,"column":4},"end":{"line":53,"column":64}},"27":{"start":{"line":54,"column":4},"end":{"line":54,"column":26}},"28":{"start":{"line":58,"column":0},"end":{"line":63,"column":2}},"29":{"start":{"line":59,"column":4},"end":{"line":59,"column":28}},"30":{"start":{"line":60,"column":4},"end":{"line":60,"column":34}},"31":{"start":{"line":61,"column":4},"end":{"line":61,"column":34}},"32":{"start":{"line":62,"column":4},"end":{"line":62,"column":25}},"33":{"start":{"line":65,"column":0},"end":{"line":65,"column":25}}},"branchMap":{"1":{"line":40,"type":"if","locations":[{"start":{"line":40,"column":4},"end":{"line":40,"column":4}},{"start":{"line":40,"column":4},"end":{"line":40,"column":4}}]}},"code":["//      Copyright (c) 2012 Mathieu Turcotte","//      Licensed under the MIT license.","","var events = require('events');","var precond = require('precond');","var util = require('util');","","// A class to hold the state of a backoff operation. Accepts a backoff strategy","// to generate the backoff delays.","function Backoff(backoffStrategy) {","    events.EventEmitter.call(this);","","    this.backoffStrategy_ = backoffStrategy;","    this.maxNumberOfRetry_ = -1;","    this.backoffNumber_ = 0;","    this.backoffDelay_ = 0;","    this.timeoutID_ = -1;","","    this.handlers = {","        backoff: this.onBackoff_.bind(this)","    };","}","util.inherits(Backoff, events.EventEmitter);","","// Sets a limit, greater than 0, on the maximum number of backoffs. A 'fail'","// event will be emitted when the limit is reached.","Backoff.prototype.failAfter = function(maxNumberOfRetry) {","    precond.checkArgument(maxNumberOfRetry > 0,","        'Expected a maximum number of retry greater than 0 but got %s.',","        maxNumberOfRetry);","","    this.maxNumberOfRetry_ = maxNumberOfRetry;","};","","// Starts a backoff operation. Accepts an optional parameter to let the","// listeners know why the backoff operation was started.","Backoff.prototype.backoff = function(err) {","    precond.checkState(this.timeoutID_ === -1, 'Backoff in progress.');","","    if (this.backoffNumber_ === this.maxNumberOfRetry_) {","        this.emit('fail', err);","        this.reset();","    } else {","        this.backoffDelay_ = this.backoffStrategy_.next();","        this.timeoutID_ = setTimeout(this.handlers.backoff, this.backoffDelay_);","        this.emit('backoff', this.backoffNumber_, this.backoffDelay_, err);","    }","};","","// Handles the backoff timeout completion.","Backoff.prototype.onBackoff_ = function() {","    this.timeoutID_ = -1;","    this.emit('ready', this.backoffNumber_, this.backoffDelay_);","    this.backoffNumber_++;","};","","// Stops any backoff operation and resets the backoff delay to its inital value.","Backoff.prototype.reset = function() {","    this.backoffNumber_ = 0;","    this.backoffStrategy_.reset();","    clearTimeout(this.timeoutID_);","    this.timeoutID_ = -1;","};","","module.exports = Backoff;",""],"l":{"4":1,"5":1,"6":1,"10":1,"11":0,"13":0,"14":0,"15":0,"16":0,"17":0,"19":0,"23":1,"27":1,"28":0,"32":0,"37":1,"38":0,"40":0,"41":0,"42":0,"44":0,"45":0,"46":0,"51":1,"52":0,"53":0,"54":0,"58":1,"59":0,"60":0,"61":0,"62":0,"65":1}},"/home/travis/build/npmtest/node-npmtest-backoff/node_modules/backoff/lib/strategy/exponential.js":{"path":"/home/travis/build/npmtest/node-npmtest-backoff/node_modules/backoff/lib/strategy/exponential.js","s":{"1":1,"2":1,"3":1,"4":1,"5":0,"6":0,"7":0,"8":0,"9":0,"10":0,"11":0,"12":1,"13":1,"14":1,"15":0,"16":0,"17":0,"18":1,"19":0,"20":0,"21":1},"b":{"1":[0,0],"2":[0,0]},"f":{"1":0,"2":0,"3":0},"fnMap":{"1":{"name":"ExponentialBackoffStrategy","line":10,"loc":{"start":{"line":10,"column":0},"end":{"line":10,"column":45}}},"2":{"name":"(anonymous_2)","line":30,"loc":{"start":{"line":30,"column":45},"end":{"line":30,"column":56}}},"3":{"name":"(anonymous_3)","line":36,"loc":{"start":{"line":36,"column":46},"end":{"line":36,"column":57}}}},"statementMap":{"1":{"start":{"line":4,"column":0},"end":{"line":4,"column":27}},"2":{"start":{"line":5,"column":0},"end":{"line":5,"column":33}},"3":{"start":{"line":7,"column":0},"end":{"line":7,"column":44}},"4":{"start":{"line":10,"column":0},"end":{"line":22,"column":1}},"5":{"start":{"line":11,"column":4},"end":{"line":11,"column":40}},"6":{"start":{"line":12,"column":4},"end":{"line":12,"column":27}},"7":{"start":{"line":13,"column":4},"end":{"line":13,"column":52}},"8":{"start":{"line":14,"column":4},"end":{"line":14,"column":61}},"9":{"start":{"line":16,"column":4},"end":{"line":21,"column":5}},"10":{"start":{"line":17,"column":8},"end":{"line":19,"column":28}},"11":{"start":{"line":20,"column":8},"end":{"line":20,"column":38}},"12":{"start":{"line":23,"column":0},"end":{"line":23,"column":59}},"13":{"start":{"line":28,"column":0},"end":{"line":28,"column":46}},"14":{"start":{"line":30,"column":0},"end":{"line":34,"column":2}},"15":{"start":{"line":31,"column":4},"end":{"line":31,"column":78}},"16":{"start":{"line":32,"column":4},"end":{"line":32,"column":63}},"17":{"start":{"line":33,"column":4},"end":{"line":33,"column":30}},"18":{"start":{"line":36,"column":0},"end":{"line":39,"column":2}},"19":{"start":{"line":37,"column":4},"end":{"line":37,"column":27}},"20":{"start":{"line":38,"column":4},"end":{"line":38,"column":52}},"21":{"start":{"line":41,"column":0},"end":{"line":41,"column":44}}},"branchMap":{"1":{"line":16,"type":"if","locations":[{"start":{"line":16,"column":4},"end":{"line":16,"column":4}},{"start":{"line":16,"column":4},"end":{"line":16,"column":4}}]},"2":{"line":16,"type":"binary-expr","locations":[{"start":{"line":16,"column":8},"end":{"line":16,"column":15}},{"start":{"line":16,"column":19},"end":{"line":16,"column":47}}]}},"code":["//      Copyright (c) 2012 Mathieu Turcotte","//      Licensed under the MIT license.","","var util = require('util');","var precond = require('precond');","","var BackoffStrategy = require('./strategy');","","// Exponential backoff strategy.","function ExponentialBackoffStrategy(options) {","    BackoffStrategy.call(this, options);","    this.backoffDelay_ = 0;","    this.nextBackoffDelay_ = this.getInitialDelay();","    this.factor_ = ExponentialBackoffStrategy.DEFAULT_FACTOR;","","    if (options && options.factor !== undefined) {","        precond.checkArgument(options.factor > 1,","            'Exponential factor should be greater than 1 but got %s.',","            options.factor);","        this.factor_ = options.factor;","    }","}","util.inherits(ExponentialBackoffStrategy, BackoffStrategy);","","// Default multiplication factor used to compute the next backoff delay from","// the current one. The value can be overridden by passing a custom factor as","// part of the options.","ExponentialBackoffStrategy.DEFAULT_FACTOR = 2;","","ExponentialBackoffStrategy.prototype.next_ = function() {","    this.backoffDelay_ = Math.min(this.nextBackoffDelay_, this.getMaxDelay());","    this.nextBackoffDelay_ = this.backoffDelay_ * this.factor_;","    return this.backoffDelay_;","};","","ExponentialBackoffStrategy.prototype.reset_ = function() {","    this.backoffDelay_ = 0;","    this.nextBackoffDelay_ = this.getInitialDelay();","};","","module.exports = ExponentialBackoffStrategy;",""],"l":{"4":1,"5":1,"7":1,"10":1,"11":0,"12":0,"13":0,"14":0,"16":0,"17":0,"20":0,"23":1,"28":1,"30":1,"31":0,"32":0,"33":0,"36":1,"37":0,"38":0,"41":1}},"/home/travis/build/npmtest/node-npmtest-backoff/node_modules/backoff/lib/strategy/strategy.js":{"path":"/home/travis/build/npmtest/node-npmtest-backoff/node_modules/backoff/lib/strategy/strategy.js","s":{"1":1,"2":1,"3":1,"4":0,"5":1,"6":0,"7":0,"8":0,"9":0,"10":0,"11":0,"12":0,"13":0,"14":0,"15":0,"16":0,"17":0,"18":1,"19":0,"20":1,"21":0,"22":1,"23":0,"24":0,"25":0,"26":0,"27":1,"28":0,"29":1,"30":0,"31":1,"32":0,"33":1},"b":{"1":[0,0],"2":[0,0],"3":[0,0],"4":[0,0],"5":[0,0],"6":[0,0],"7":[0,0],"8":[0,0],"9":[0,0],"10":[0,0],"11":[0,0,0],"12":[0,0]},"f":{"1":0,"2":0,"3":0,"4":0,"5":0,"6":0,"7":0,"8":0},"fnMap":{"1":{"name":"isDef","line":7,"loc":{"start":{"line":7,"column":0},"end":{"line":7,"column":22}}},"2":{"name":"BackoffStrategy","line":19,"loc":{"start":{"line":19,"column":0},"end":{"line":19,"column":34}}},"3":{"name":"(anonymous_3)","line":45,"loc":{"start":{"line":45,"column":40},"end":{"line":45,"column":51}}},"4":{"name":"(anonymous_4)","line":50,"loc":{"start":{"line":50,"column":44},"end":{"line":50,"column":55}}},"5":{"name":"(anonymous_5)","line":56,"loc":{"start":{"line":56,"column":33},"end":{"line":56,"column":44}}},"6":{"name":"(anonymous_6)","line":65,"loc":{"start":{"line":65,"column":34},"end":{"line":65,"column":45}}},"7":{"name":"(anonymous_7)","line":70,"loc":{"start":{"line":70,"column":34},"end":{"line":70,"column":45}}},"8":{"name":"(anonymous_8)","line":76,"loc":{"start":{"line":76,"column":35},"end":{"line":76,"column":46}}}},"statementMap":{"1":{"start":{"line":4,"column":0},"end":{"line":4,"column":31}},"2":{"start":{"line":5,"column":0},"end":{"line":5,"column":27}},"3":{"start":{"line":7,"column":0},"end":{"line":9,"column":1}},"4":{"start":{"line":8,"column":4},"end":{"line":8,"column":49}},"5":{"start":{"line":19,"column":0},"end":{"line":42,"column":1}},"6":{"start":{"line":20,"column":4},"end":{"line":20,"column":28}},"7":{"start":{"line":22,"column":4},"end":{"line":26,"column":5}},"8":{"start":{"line":23,"column":8},"end":{"line":23,"column":71}},"9":{"start":{"line":24,"column":11},"end":{"line":26,"column":5}},"10":{"start":{"line":25,"column":8},"end":{"line":25,"column":71}},"11":{"start":{"line":28,"column":4},"end":{"line":28,"column":53}},"12":{"start":{"line":29,"column":4},"end":{"line":29,"column":47}},"13":{"start":{"line":31,"column":4},"end":{"line":34,"column":5}},"14":{"start":{"line":32,"column":8},"end":{"line":33,"column":67}},"15":{"start":{"line":36,"column":4},"end":{"line":39,"column":5}},"16":{"start":{"line":38,"column":8},"end":{"line":38,"column":77}},"17":{"start":{"line":41,"column":4},"end":{"line":41,"column":65}},"18":{"start":{"line":45,"column":0},"end":{"line":47,"column":2}},"19":{"start":{"line":46,"column":4},"end":{"line":46,"column":26}},"20":{"start":{"line":50,"column":0},"end":{"line":52,"column":2}},"21":{"start":{"line":51,"column":4},"end":{"line":51,"column":30}},"22":{"start":{"line":56,"column":0},"end":{"line":61,"column":2}},"23":{"start":{"line":57,"column":4},"end":{"line":57,"column":36}},"24":{"start":{"line":58,"column":4},"end":{"line":58,"column":78}},"25":{"start":{"line":59,"column":4},"end":{"line":59,"column":75}},"26":{"start":{"line":60,"column":4},"end":{"line":60,"column":27}},"27":{"start":{"line":65,"column":0},"end":{"line":67,"column":2}},"28":{"start":{"line":66,"column":4},"end":{"line":66,"column":62}},"29":{"start":{"line":70,"column":0},"end":{"line":72,"column":2}},"30":{"start":{"line":71,"column":4},"end":{"line":71,"column":18}},"31":{"start":{"line":76,"column":0},"end":{"line":78,"column":2}},"32":{"start":{"line":77,"column":4},"end":{"line":77,"column":63}},"33":{"start":{"line":80,"column":0},"end":{"line":80,"column":33}}},"branchMap":{"1":{"line":8,"type":"binary-expr","locations":[{"start":{"line":8,"column":11},"end":{"line":8,"column":30}},{"start":{"line":8,"column":34},"end":{"line":8,"column":48}}]},"2":{"line":20,"type":"binary-expr","locations":[{"start":{"line":20,"column":14},"end":{"line":20,"column":21}},{"start":{"line":20,"column":25},"end":{"line":20,"column":27}}]},"3":{"line":22,"type":"if","locations":[{"start":{"line":22,"column":4},"end":{"line":22,"column":4}},{"start":{"line":22,"column":4},"end":{"line":22,"column":4}}]},"4":{"line":22,"type":"binary-expr","locations":[{"start":{"line":22,"column":8},"end":{"line":22,"column":35}},{"start":{"line":22,"column":39},"end":{"line":22,"column":63}}]},"5":{"line":24,"type":"if","locations":[{"start":{"line":24,"column":11},"end":{"line":24,"column":11}},{"start":{"line":24,"column":11},"end":{"line":24,"column":11}}]},"6":{"line":24,"type":"binary-expr","locations":[{"start":{"line":24,"column":15},"end":{"line":24,"column":38}},{"start":{"line":24,"column":42},"end":{"line":24,"column":62}}]},"7":{"line":28,"type":"binary-expr","locations":[{"start":{"line":28,"column":25},"end":{"line":28,"column":45}},{"start":{"line":28,"column":49},"end":{"line":28,"column":52}}]},"8":{"line":29,"type":"binary-expr","locations":[{"start":{"line":29,"column":21},"end":{"line":29,"column":37}},{"start":{"line":29,"column":41},"end":{"line":29,"column":46}}]},"9":{"line":31,"type":"if","locations":[{"start":{"line":31,"column":4},"end":{"line":31,"column":4}},{"start":{"line":31,"column":4},"end":{"line":31,"column":4}}]},"10":{"line":36,"type":"if","locations":[{"start":{"line":36,"column":4},"end":{"line":36,"column":4}},{"start":{"line":36,"column":4},"end":{"line":36,"column":4}}]},"11":{"line":36,"type":"binary-expr","locations":[{"start":{"line":36,"column":8},"end":{"line":36,"column":42}},{"start":{"line":37,"column":9},"end":{"line":37,"column":40}},{"start":{"line":37,"column":44},"end":{"line":37,"column":75}}]},"12":{"line":41,"type":"binary-expr","locations":[{"start":{"line":41,"column":32},"end":{"line":41,"column":59}},{"start":{"line":41,"column":63},"end":{"line":41,"column":64}}]}},"code":["//      Copyright (c) 2012 Mathieu Turcotte","//      Licensed under the MIT license.","","var events = require('events');","var util = require('util');","","function isDef(value) {","    return value !== undefined && value !== null;","}","","// Abstract class defining the skeleton for the backoff strategies. Accepts an","// object holding the options for the backoff strategy:","//","//  * `randomisationFactor`: The randomisation factor which must be between 0","//     and 1 where 1 equates to a randomization factor of 100% and 0 to no","//     randomization.","//  * `initialDelay`: The backoff initial delay in milliseconds.","//  * `maxDelay`: The backoff maximal delay in milliseconds.","function BackoffStrategy(options) {","    options = options || {};","","    if (isDef(options.initialDelay) && options.initialDelay < 1) {","        throw new Error('The initial timeout must be greater than 0.');","    } else if (isDef(options.maxDelay) && options.maxDelay < 1) {","        throw new Error('The maximal timeout must be greater than 0.');","    }","","    this.initialDelay_ = options.initialDelay || 100;","    this.maxDelay_ = options.maxDelay || 10000;","","    if (this.maxDelay_ <= this.initialDelay_) {","        throw new Error('The maximal backoff delay must be ' +","                        'greater than the initial backoff delay.');","    }","","    if (isDef(options.randomisationFactor) &&","        (options.randomisationFactor < 0 || options.randomisationFactor > 1)) {","        throw new Error('The randomisation factor must be between 0 and 1.');","    }","","    this.randomisationFactor_ = options.randomisationFactor || 0;","}","","// Gets the maximal backoff delay.","BackoffStrategy.prototype.getMaxDelay = function() {","    return this.maxDelay_;","};","","// Gets the initial backoff delay.","BackoffStrategy.prototype.getInitialDelay = function() {","    return this.initialDelay_;","};","","// Template method that computes and returns the next backoff delay in","// milliseconds.","BackoffStrategy.prototype.next = function() {","    var backoffDelay = this.next_();","    var randomisationMultiple = 1 + Math.random() * this.randomisationFactor_;","    var randomizedDelay = Math.round(backoffDelay * randomisationMultiple);","    return randomizedDelay;","};","","// Computes and returns the next backoff delay. Intended to be overridden by","// subclasses.","BackoffStrategy.prototype.next_ = function() {","    throw new Error('BackoffStrategy.next_() unimplemented.');","};","","// Template method that resets the backoff delay to its initial value.","BackoffStrategy.prototype.reset = function() {","    this.reset_();","};","","// Resets the backoff delay to its initial value. Intended to be overridden by","// subclasses.","BackoffStrategy.prototype.reset_ = function() {","    throw new Error('BackoffStrategy.reset_() unimplemented.');","};","","module.exports = BackoffStrategy;",""],"l":{"4":1,"5":1,"7":1,"8":0,"19":1,"20":0,"22":0,"23":0,"24":0,"25":0,"28":0,"29":0,"31":0,"32":0,"36":0,"38":0,"41":0,"45":1,"46":0,"50":1,"51":0,"56":1,"57":0,"58":0,"59":0,"60":0,"65":1,"66":0,"70":1,"71":0,"76":1,"77":0,"80":1}},"/home/travis/build/npmtest/node-npmtest-backoff/node_modules/backoff/lib/strategy/fibonacci.js":{"path":"/home/travis/build/npmtest/node-npmtest-backoff/node_modules/backoff/lib/strategy/fibonacci.js","s":{"1":1,"2":1,"3":1,"4":0,"5":0,"6":0,"7":1,"8":1,"9":0,"10":0,"11":0,"12":0,"13":1,"14":0,"15":0,"16":1},"b":{},"f":{"1":0,"2":0,"3":0},"fnMap":{"1":{"name":"FibonacciBackoffStrategy","line":9,"loc":{"start":{"line":9,"column":0},"end":{"line":9,"column":43}}},"2":{"name":"(anonymous_2)","line":16,"loc":{"start":{"line":16,"column":43},"end":{"line":16,"column":54}}},"3":{"name":"(anonymous_3)","line":23,"loc":{"start":{"line":23,"column":44},"end":{"line":23,"column":55}}}},"statementMap":{"1":{"start":{"line":4,"column":0},"end":{"line":4,"column":27}},"2":{"start":{"line":6,"column":0},"end":{"line":6,"column":44}},"3":{"start":{"line":9,"column":0},"end":{"line":13,"column":1}},"4":{"start":{"line":10,"column":4},"end":{"line":10,"column":40}},"5":{"start":{"line":11,"column":4},"end":{"line":11,"column":27}},"6":{"start":{"line":12,"column":4},"end":{"line":12,"column":52}},"7":{"start":{"line":14,"column":0},"end":{"line":14,"column":57}},"8":{"start":{"line":16,"column":0},"end":{"line":21,"column":2}},"9":{"start":{"line":17,"column":4},"end":{"line":17,"column":76}},"10":{"start":{"line":18,"column":4},"end":{"line":18,"column":49}},"11":{"start":{"line":19,"column":4},"end":{"line":19,"column":38}},"12":{"start":{"line":20,"column":4},"end":{"line":20,"column":24}},"13":{"start":{"line":23,"column":0},"end":{"line":26,"column":2}},"14":{"start":{"line":24,"column":4},"end":{"line":24,"column":52}},"15":{"start":{"line":25,"column":4},"end":{"line":25,"column":27}},"16":{"start":{"line":28,"column":0},"end":{"line":28,"column":42}}},"branchMap":{},"code":["//      Copyright (c) 2012 Mathieu Turcotte","//      Licensed under the MIT license.","","var util = require('util');","","var BackoffStrategy = require('./strategy');","","// Fibonacci backoff strategy.","function FibonacciBackoffStrategy(options) {","    BackoffStrategy.call(this, options);","    this.backoffDelay_ = 0;","    this.nextBackoffDelay_ = this.getInitialDelay();","}","util.inherits(FibonacciBackoffStrategy, BackoffStrategy);","","FibonacciBackoffStrategy.prototype.next_ = function() {","    var backoffDelay = Math.min(this.nextBackoffDelay_, this.getMaxDelay());","    this.nextBackoffDelay_ += this.backoffDelay_;","    this.backoffDelay_ = backoffDelay;","    return backoffDelay;","};","","FibonacciBackoffStrategy.prototype.reset_ = function() {","    this.nextBackoffDelay_ = this.getInitialDelay();","    this.backoffDelay_ = 0;","};","","module.exports = FibonacciBackoffStrategy;",""],"l":{"4":1,"6":1,"9":1,"10":0,"11":0,"12":0,"14":1,"16":1,"17":0,"18":0,"19":0,"20":0,"23":1,"24":0,"25":0,"28":1}},"/home/travis/build/npmtest/node-npmtest-backoff/node_modules/backoff/lib/function_call.js":{"path":"/home/travis/build/npmtest/node-npmtest-backoff/node_modules/backoff/lib/function_call.js","s":{"1":1,"2":1,"3":1,"4":1,"5":1,"6":1,"7":0,"8":0,"9":0,"10":0,"11":0,"12":0,"13":0,"14":0,"15":0,"16":0,"17":0,"18":0,"19":0,"20":0,"21":1,"22":1,"23":1,"24":0,"25":1,"26":0,"27":1,"28":0,"29":1,"30":0,"31":1,"32":0,"33":1,"34":0,"35":0,"36":0,"37":1,"38":0,"39":0,"40":0,"41":1,"42":0,"43":1,"44":0,"45":1,"46":0,"47":0,"48":0,"49":1,"50":0,"51":0,"52":0,"53":0,"54":0,"55":0,"56":0,"57":0,"58":1,"59":0,"60":0,"61":0,"62":0,"63":0,"64":0,"65":0,"66":0,"67":0,"68":0,"69":0,"70":1,"71":0,"72":0,"73":0,"74":0,"75":0,"76":0,"77":1,"78":0,"79":1,"80":0,"81":0,"82":0,"83":0,"84":0,"85":0,"86":0,"87":0,"88":0,"89":0,"90":1,"91":0,"92":1},"b":{"1":[0,0],"2":[0,0],"3":[0,0],"4":[0,0],"5":[0,0],"6":[0,0],"7":[0,0],"8":[0,0],"9":[0,0],"10":[0,0]},"f":{"1":0,"2":0,"3":0,"4":0,"5":0,"6":0,"7":0,"8":0,"9":0,"10":0,"11":0,"12":0,"13":0,"14":0,"15":0,"16":0,"17":0},"fnMap":{"1":{"name":"FunctionCall","line":12,"loc":{"start":{"line":12,"column":0},"end":{"line":12,"column":42}}},"2":{"name":"(anonymous_2)","line":48,"loc":{"start":{"line":48,"column":40},"end":{"line":48,"column":54}}},"3":{"name":"(anonymous_3)","line":53,"loc":{"start":{"line":53,"column":35},"end":{"line":53,"column":46}}},"4":{"name":"(anonymous_4)","line":58,"loc":{"start":{"line":58,"column":35},"end":{"line":58,"column":46}}},"5":{"name":"(anonymous_5)","line":63,"loc":{"start":{"line":63,"column":37},"end":{"line":63,"column":48}}},"6":{"name":"(anonymous_6)","line":68,"loc":{"start":{"line":68,"column":35},"end":{"line":68,"column":46}}},"7":{"name":"(anonymous_7)","line":74,"loc":{"start":{"line":74,"column":37},"end":{"line":74,"column":56}}},"8":{"name":"(anonymous_8)","line":84,"loc":{"start":{"line":84,"column":33},"end":{"line":84,"column":58}}},"9":{"name":"(anonymous_9)","line":92,"loc":{"start":{"line":92,"column":39},"end":{"line":92,"column":50}}},"10":{"name":"(anonymous_10)","line":97,"loc":{"start":{"line":97,"column":39},"end":{"line":97,"column":50}}},"11":{"name":"(anonymous_11)","line":102,"loc":{"start":{"line":102,"column":35},"end":{"line":102,"column":62}}},"12":{"name":"(anonymous_12)","line":109,"loc":{"start":{"line":109,"column":31},"end":{"line":109,"column":42}}},"13":{"name":"(anonymous_13)","line":126,"loc":{"start":{"line":126,"column":31},"end":{"line":126,"column":56}}},"14":{"name":"(anonymous_14)","line":149,"loc":{"start":{"line":149,"column":33},"end":{"line":149,"column":51}}},"15":{"name":"(anonymous_15)","line":161,"loc":{"start":{"line":161,"column":37},"end":{"line":161,"column":48}}},"16":{"name":"(anonymous_16)","line":167,"loc":{"start":{"line":167,"column":49},"end":{"line":167,"column":60}}},"17":{"name":"(anonymous_17)","line":186,"loc":{"start":{"line":186,"column":40},"end":{"line":186,"column":69}}}},"statementMap":{"1":{"start":{"line":4,"column":0},"end":{"line":4,"column":31}},"2":{"start":{"line":5,"column":0},"end":{"line":5,"column":33}},"3":{"start":{"line":6,"column":0},"end":{"line":6,"column":27}},"4":{"start":{"line":8,"column":0},"end":{"line":8,"column":35}},"5":{"start":{"line":9,"column":0},"end":{"line":9,"column":63}},"6":{"start":{"line":12,"column":0},"end":{"line":31,"column":1}},"7":{"start":{"line":13,"column":4},"end":{"line":13,"column":35}},"8":{"start":{"line":15,"column":4},"end":{"line":15,"column":65}},"9":{"start":{"line":16,"column":4},"end":{"line":16,"column":64}},"10":{"start":{"line":17,"column":4},"end":{"line":17,"column":77}},"11":{"start":{"line":19,"column":4},"end":{"line":19,"column":24}},"12":{"start":{"line":20,"column":4},"end":{"line":20,"column":27}},"13":{"start":{"line":21,"column":4},"end":{"line":21,"column":30}},"14":{"start":{"line":22,"column":4},"end":{"line":22,"column":26}},"15":{"start":{"line":23,"column":4},"end":{"line":23,"column":25}},"16":{"start":{"line":25,"column":4},"end":{"line":25,"column":25}},"17":{"start":{"line":26,"column":4},"end":{"line":26,"column":26}},"18":{"start":{"line":27,"column":4},"end":{"line":27,"column":25}},"19":{"start":{"line":28,"column":4},"end":{"line":28,"column":65}},"20":{"start":{"line":30,"column":4},"end":{"line":30,"column":46}},"21":{"start":{"line":32,"column":0},"end":{"line":32,"column":49}},"22":{"start":{"line":35,"column":0},"end":{"line":45,"column":2}},"23":{"start":{"line":48,"column":0},"end":{"line":50,"column":2}},"24":{"start":{"line":49,"column":2},"end":{"line":49,"column":14}},"25":{"start":{"line":53,"column":0},"end":{"line":55,"column":2}},"26":{"start":{"line":54,"column":4},"end":{"line":54,"column":54}},"27":{"start":{"line":58,"column":0},"end":{"line":60,"column":2}},"28":{"start":{"line":59,"column":4},"end":{"line":59,"column":54}},"29":{"start":{"line":63,"column":0},"end":{"line":65,"column":2}},"30":{"start":{"line":64,"column":4},"end":{"line":64,"column":56}},"31":{"start":{"line":68,"column":0},"end":{"line":70,"column":2}},"32":{"start":{"line":69,"column":4},"end":{"line":69,"column":54}},"33":{"start":{"line":74,"column":0},"end":{"line":78,"column":2}},"34":{"start":{"line":75,"column":4},"end":{"line":75,"column":70}},"35":{"start":{"line":76,"column":4},"end":{"line":76,"column":30}},"36":{"start":{"line":77,"column":4},"end":{"line":77,"column":16}},"37":{"start":{"line":84,"column":0},"end":{"line":88,"column":2}},"38":{"start":{"line":85,"column":4},"end":{"line":85,"column":70}},"39":{"start":{"line":86,"column":4},"end":{"line":86,"column":42}},"40":{"start":{"line":87,"column":4},"end":{"line":87,"column":16}},"41":{"start":{"line":92,"column":0},"end":{"line":94,"column":2}},"42":{"start":{"line":93,"column":4},"end":{"line":93,"column":37}},"43":{"start":{"line":97,"column":0},"end":{"line":99,"column":2}},"44":{"start":{"line":98,"column":4},"end":{"line":98,"column":28}},"45":{"start":{"line":102,"column":0},"end":{"line":106,"column":2}},"46":{"start":{"line":103,"column":4},"end":{"line":103,"column":70}},"47":{"start":{"line":104,"column":4},"end":{"line":104,"column":39}},"48":{"start":{"line":105,"column":4},"end":{"line":105,"column":16}},"49":{"start":{"line":109,"column":0},"end":{"line":122,"column":2}},"50":{"start":{"line":110,"column":4},"end":{"line":112,"column":5}},"51":{"start":{"line":111,"column":6},"end":{"line":111,"column":13}},"52":{"start":{"line":114,"column":4},"end":{"line":116,"column":5}},"53":{"start":{"line":115,"column":8},"end":{"line":115,"column":30}},"54":{"start":{"line":118,"column":4},"end":{"line":118,"column":46}},"55":{"start":{"line":119,"column":4},"end":{"line":119,"column":55}},"56":{"start":{"line":120,"column":4},"end":{"line":120,"column":23}},"57":{"start":{"line":121,"column":4},"end":{"line":121,"column":23}},"58":{"start":{"line":126,"column":0},"end":{"line":146,"column":2}},"59":{"start":{"line":127,"column":4},"end":{"line":127,"column":70}},"60":{"start":{"line":128,"column":4},"end":{"line":128,"column":74}},"61":{"start":{"line":130,"column":4},"end":{"line":130,"column":68}},"62":{"start":{"line":132,"column":4},"end":{"line":134,"column":30}},"63":{"start":{"line":136,"column":4},"end":{"line":136,"column":75}},"64":{"start":{"line":137,"column":4},"end":{"line":137,"column":58}},"65":{"start":{"line":138,"column":4},"end":{"line":138,"column":64}},"66":{"start":{"line":140,"column":4},"end":{"line":142,"column":5}},"67":{"start":{"line":141,"column":8},"end":{"line":141,"column":49}},"68":{"start":{"line":144,"column":4},"end":{"line":144,"column":46}},"69":{"start":{"line":145,"column":4},"end":{"line":145,"column":38}},"70":{"start":{"line":149,"column":0},"end":{"line":157,"column":2}},"71":{"start":{"line":150,"column":4},"end":{"line":152,"column":5}},"72":{"start":{"line":151,"column":8},"end":{"line":151,"column":27}},"73":{"start":{"line":153,"column":4},"end":{"line":153,"column":53}},"74":{"start":{"line":154,"column":4},"end":{"line":154,"column":62}},"75":{"start":{"line":155,"column":4},"end":{"line":155,"column":59}},"76":{"start":{"line":156,"column":4},"end":{"line":156,"column":65}},"77":{"start":{"line":161,"column":0},"end":{"line":163,"column":2}},"78":{"start":{"line":162,"column":4},"end":{"line":162,"column":49}},"79":{"start":{"line":167,"column":0},"end":{"line":183,"column":2}},"80":{"start":{"line":168,"column":4},"end":{"line":170,"column":5}},"81":{"start":{"line":169,"column":8},"end":{"line":169,"column":15}},"82":{"start":{"line":172,"column":4},"end":{"line":172,"column":53}},"83":{"start":{"line":173,"column":4},"end":{"line":173,"column":28}},"84":{"start":{"line":174,"column":4},"end":{"line":174,"column":78}},"85":{"start":{"line":176,"column":4},"end":{"line":176,"column":22}},"86":{"start":{"line":177,"column":4},"end":{"line":182,"column":5}},"87":{"start":{"line":178,"column":8},"end":{"line":178,"column":35}},"88":{"start":{"line":180,"column":8},"end":{"line":180,"column":52}},"89":{"start":{"line":181,"column":8},"end":{"line":181,"column":27}},"90":{"start":{"line":186,"column":0},"end":{"line":188,"column":2}},"91":{"start":{"line":187,"column":4},"end":{"line":187,"column":45}},"92":{"start":{"line":190,"column":0},"end":{"line":190,"column":30}}},"branchMap":{"1":{"line":110,"type":"if","locations":[{"start":{"line":110,"column":4},"end":{"line":110,"column":4}},{"start":{"line":110,"column":4},"end":{"line":110,"column":4}}]},"2":{"line":110,"type":"binary-expr","locations":[{"start":{"line":110,"column":8},"end":{"line":110,"column":26}},{"start":{"line":110,"column":30},"end":{"line":110,"column":46}}]},"3":{"line":114,"type":"if","locations":[{"start":{"line":114,"column":4},"end":{"line":114,"column":4}},{"start":{"line":114,"column":4},"end":{"line":114,"column":4}}]},"4":{"line":130,"type":"binary-expr","locations":[{"start":{"line":130,"column":19},"end":{"line":130,"column":33}},{"start":{"line":130,"column":37},"end":{"line":130,"column":67}}]},"5":{"line":132,"type":"cond-expr","locations":[{"start":{"line":133,"column":8},"end":{"line":133,"column":32}},{"start":{"line":134,"column":8},"end":{"line":134,"column":29}}]},"6":{"line":140,"type":"if","locations":[{"start":{"line":140,"column":4},"end":{"line":140,"column":4}},{"start":{"line":140,"column":4},"end":{"line":140,"column":4}}]},"7":{"line":150,"type":"if","locations":[{"start":{"line":150,"column":4},"end":{"line":150,"column":4}},{"start":{"line":150,"column":4},"end":{"line":150,"column":4}}]},"8":{"line":168,"type":"if","locations":[{"start":{"line":168,"column":4},"end":{"line":168,"column":4}},{"start":{"line":168,"column":4},"end":{"line":168,"column":4}}]},"9":{"line":177,"type":"if","locations":[{"start":{"line":177,"column":4},"end":{"line":177,"column":4}},{"start":{"line":177,"column":4},"end":{"line":177,"column":4}}]},"10":{"line":177,"type":"binary-expr","locations":[{"start":{"line":177,"column":8},"end":{"line":177,"column":11}},{"start":{"line":177,"column":15},"end":{"line":177,"column":40}}]}},"code":["//      Copyright (c) 2012 Mathieu Turcotte","//      Licensed under the MIT license.","","var events = require('events');","var precond = require('precond');","var util = require('util');","","var Backoff = require('./backoff');","var FibonacciBackoffStrategy = require('./strategy/fibonacci');","","// Wraps a function to be called in a backoff loop.","function FunctionCall(fn, args, callback) {","    events.EventEmitter.call(this);","","    precond.checkIsFunction(fn, 'Expected fn to be a function.');","    precond.checkIsArray(args, 'Expected args to be an array.');","    precond.checkIsFunction(callback, 'Expected callback to be a function.');","","    this.function_ = fn;","    this.arguments_ = args;","    this.callback_ = callback;","    this.lastResult_ = [];","    this.numRetries_ = 0;","","    this.backoff_ = null;","    this.strategy_ = null;","    this.failAfter_ = -1;","    this.retryPredicate_ = FunctionCall.DEFAULT_RETRY_PREDICATE_;","","    this.state_ = FunctionCall.State_.PENDING;","}","util.inherits(FunctionCall, events.EventEmitter);","","// States in which the call can be.","FunctionCall.State_ = {","    // Call isn't started yet.","    PENDING: 0,","    // Call is in progress.","    RUNNING: 1,","    // Call completed successfully which means that either the wrapped function","    // returned successfully or the maximal number of backoffs was reached.","    COMPLETED: 2,","    // The call was aborted.","    ABORTED: 3","};","","// The default retry predicate which considers any error as retriable.","FunctionCall.DEFAULT_RETRY_PREDICATE_ = function(err) {","  return true;","};","","// Checks whether the call is pending.","FunctionCall.prototype.isPending = function() {","    return this.state_ == FunctionCall.State_.PENDING;","};","","// Checks whether the call is in progress.","FunctionCall.prototype.isRunning = function() {","    return this.state_ == FunctionCall.State_.RUNNING;","};","","// Checks whether the call is completed.","FunctionCall.prototype.isCompleted = function() {","    return this.state_ == FunctionCall.State_.COMPLETED;","};","","// Checks whether the call is aborted.","FunctionCall.prototype.isAborted = function() {","    return this.state_ == FunctionCall.State_.ABORTED;","};","","// Sets the backoff strategy to use. Can only be called before the call is","// started otherwise an exception will be thrown.","FunctionCall.prototype.setStrategy = function(strategy) {","    precond.checkState(this.isPending(), 'FunctionCall in progress.');","    this.strategy_ = strategy;","    return this; // Return this for chaining.","};","","// Sets the predicate which will be used to determine whether the errors","// returned from the wrapped function should be retried or not, e.g. a","// network error would be retriable while a type error would stop the","// function call.","FunctionCall.prototype.retryIf = function(retryPredicate) {","    precond.checkState(this.isPending(), 'FunctionCall in progress.');","    this.retryPredicate_ = retryPredicate;","    return this;","};","","// Returns all intermediary results returned by the wrapped function since","// the initial call.","FunctionCall.prototype.getLastResult = function() {","    return this.lastResult_.concat();","};","","// Returns the number of times the wrapped function call was retried.","FunctionCall.prototype.getNumRetries = function() {","    return this.numRetries_;","};","","// Sets the backoff limit.","FunctionCall.prototype.failAfter = function(maxNumberOfRetry) {","    precond.checkState(this.isPending(), 'FunctionCall in progress.');","    this.failAfter_ = maxNumberOfRetry;","    return this; // Return this for chaining.","};","","// Aborts the call.","FunctionCall.prototype.abort = function() {","    if (this.isCompleted() || this.isAborted()) {","      return;","    }","","    if (this.isRunning()) {","        this.backoff_.reset();","    }","","    this.state_ = FunctionCall.State_.ABORTED;","    this.lastResult_ = [new Error('Backoff aborted.')];","    this.emit('abort');","    this.doCallback_();","};","","// Initiates the call to the wrapped function. Accepts an optional factory","// function used to create the backoff instance; used when testing.","FunctionCall.prototype.start = function(backoffFactory) {","    precond.checkState(!this.isAborted(), 'FunctionCall is aborted.');","    precond.checkState(this.isPending(), 'FunctionCall already started.');","","    var strategy = this.strategy_ || new FibonacciBackoffStrategy();","","    this.backoff_ = backoffFactory ?","        backoffFactory(strategy) :","        new Backoff(strategy);","","    this.backoff_.on('ready', this.doCall_.bind(this, true /* isRetry */));","    this.backoff_.on('fail', this.doCallback_.bind(this));","    this.backoff_.on('backoff', this.handleBackoff_.bind(this));","","    if (this.failAfter_ > 0) {","        this.backoff_.failAfter(this.failAfter_);","    }","","    this.state_ = FunctionCall.State_.RUNNING;","    this.doCall_(false /* isRetry */);","};","","// Calls the wrapped function.","FunctionCall.prototype.doCall_ = function(isRetry) {","    if (isRetry) {","        this.numRetries_++;","    }","    var eventArgs = ['call'].concat(this.arguments_);","    events.EventEmitter.prototype.emit.apply(this, eventArgs);","    var callback = this.handleFunctionCallback_.bind(this);","    this.function_.apply(null, this.arguments_.concat(callback));","};","","// Calls the wrapped function's callback with the last result returned by the","// wrapped function.","FunctionCall.prototype.doCallback_ = function() {","    this.callback_.apply(null, this.lastResult_);","};","","// Handles wrapped function's completion. This method acts as a replacement","// for the original callback function.","FunctionCall.prototype.handleFunctionCallback_ = function() {","    if (this.isAborted()) {","        return;","    }","","    var args = Array.prototype.slice.call(arguments);","    this.lastResult_ = args; // Save last callback arguments.","    events.EventEmitter.prototype.emit.apply(this, ['callback'].concat(args));","","    var err = args[0];","    if (err && this.retryPredicate_(err)) {","        this.backoff_.backoff(err);","    } else {","        this.state_ = FunctionCall.State_.COMPLETED;","        this.doCallback_();","    }","};","","// Handles the backoff event by reemitting it.","FunctionCall.prototype.handleBackoff_ = function(number, delay, err) {","    this.emit('backoff', number, delay, err);","};","","module.exports = FunctionCall;",""],"l":{"4":1,"5":1,"6":1,"8":1,"9":1,"12":1,"13":0,"15":0,"16":0,"17":0,"19":0,"20":0,"21":0,"22":0,"23":0,"25":0,"26":0,"27":0,"28":0,"30":0,"32":1,"35":1,"48":1,"49":0,"53":1,"54":0,"58":1,"59":0,"63":1,"64":0,"68":1,"69":0,"74":1,"75":0,"76":0,"77":0,"84":1,"85":0,"86":0,"87":0,"92":1,"93":0,"97":1,"98":0,"102":1,"103":0,"104":0,"105":0,"109":1,"110":0,"111":0,"114":0,"115":0,"118":0,"119":0,"120":0,"121":0,"126":1,"127":0,"128":0,"130":0,"132":0,"136":0,"137":0,"138":0,"140":0,"141":0,"144":0,"145":0,"149":1,"150":0,"151":0,"153":0,"154":0,"155":0,"156":0,"161":1,"162":0,"167":1,"168":0,"169":0,"172":0,"173":0,"174":0,"176":0,"177":0,"178":0,"180":0,"181":0,"186":1,"187":0,"190":1}}}